2025-12-04 19:45:08.063 INFO  [c.v.buses_api.BusesApiApplication] - Starting BusesApiApplication using Java 21.0.9 with PID 10432 (C:\Users\M4c4c0\Documents\GitHub\buses-venegas-S.A\backend\buses-api\build\classes\java\main started by M4c4c0 in C:\Users\M4c4c0\Documents\GitHub\buses-venegas-S.A\backend\buses-api)
2025-12-04 19:45:08.068 DEBUG [c.v.buses_api.BusesApiApplication] - Running with Spring Boot v3.5.6, Spring v6.2.11
2025-12-04 19:45:08.068 INFO  [c.v.buses_api.BusesApiApplication] - No active profile set, falling back to 1 default profile: "default"
2025-12-04 19:45:09.303 INFO  [o.s.d.r.c.RepositoryConfigurationDelegate] - Multiple Spring Data modules found, entering strict repository configuration mode
2025-12-04 19:45:09.303 INFO  [o.s.d.r.c.RepositoryConfigurationDelegate] - Bootstrapping Spring Data JPA repositories in DEFAULT mode.
2025-12-04 19:45:09.474 INFO  [o.s.d.r.c.RepositoryConfigurationDelegate] - Finished Spring Data repository scanning in 171 ms. Found 5 JPA repository interfaces.
2025-12-04 19:45:09.497 INFO  [o.s.d.r.c.RepositoryConfigurationDelegate] - Multiple Spring Data modules found, entering strict repository configuration mode
2025-12-04 19:45:09.503 INFO  [o.s.d.r.c.RepositoryConfigurationDelegate] - Bootstrapping Spring Data Redis repositories in DEFAULT mode.
2025-12-04 19:45:09.523 INFO  [o.s.d.r.c.RepositoryConfigurationExtensionSupport] - Spring Data Redis - Could not safely identify store assignment for repository candidate interface cl.venegas.buses_api.infrastructure.persistence.jpa.repo.BookingJpaRepository; If you want this repository to be a Redis repository, consider annotating your entities with one of these annotations: org.springframework.data.redis.core.RedisHash (preferred), or consider extending one of the following types with your repository: org.springframework.data.keyvalue.repository.KeyValueRepository
2025-12-04 19:45:09.523 INFO  [o.s.d.r.c.RepositoryConfigurationExtensionSupport] - Spring Data Redis - Could not safely identify store assignment for repository candidate interface cl.venegas.buses_api.infrastructure.persistence.jpa.repo.PaymentJpaRepository; If you want this repository to be a Redis repository, consider annotating your entities with one of these annotations: org.springframework.data.redis.core.RedisHash (preferred), or consider extending one of the following types with your repository: org.springframework.data.keyvalue.repository.KeyValueRepository
2025-12-04 19:45:09.524 INFO  [o.s.d.r.c.RepositoryConfigurationExtensionSupport] - Spring Data Redis - Could not safely identify store assignment for repository candidate interface cl.venegas.buses_api.infrastructure.persistence.jpa.repo.SeatHoldJpaRepository; If you want this repository to be a Redis repository, consider annotating your entities with one of these annotations: org.springframework.data.redis.core.RedisHash (preferred), or consider extending one of the following types with your repository: org.springframework.data.keyvalue.repository.KeyValueRepository
2025-12-04 19:45:09.524 INFO  [o.s.d.r.c.RepositoryConfigurationExtensionSupport] - Spring Data Redis - Could not safely identify store assignment for repository candidate interface cl.venegas.buses_api.infrastructure.persistence.jpa.repo.TripJpaRepository; If you want this repository to be a Redis repository, consider annotating your entities with one of these annotations: org.springframework.data.redis.core.RedisHash (preferred), or consider extending one of the following types with your repository: org.springframework.data.keyvalue.repository.KeyValueRepository
2025-12-04 19:45:09.524 INFO  [o.s.d.r.c.RepositoryConfigurationExtensionSupport] - Spring Data Redis - Could not safely identify store assignment for repository candidate interface cl.venegas.buses_api.infrastructure.persistence.jpa.repo.UserJpaRepository; If you want this repository to be a Redis repository, consider annotating your entities with one of these annotations: org.springframework.data.redis.core.RedisHash (preferred), or consider extending one of the following types with your repository: org.springframework.data.keyvalue.repository.KeyValueRepository
2025-12-04 19:45:09.525 INFO  [o.s.d.r.c.RepositoryConfigurationDelegate] - Finished Spring Data repository scanning in 11 ms. Found 0 Redis repository interfaces.
2025-12-04 19:45:10.103 INFO  [o.s.b.w.e.tomcat.TomcatWebServer] - Tomcat initialized with port 8080 (http)
2025-12-04 19:45:10.119 INFO  [o.a.coyote.http11.Http11NioProtocol] - Initializing ProtocolHandler ["http-nio-8080"]
2025-12-04 19:45:10.119 INFO  [o.a.catalina.core.StandardService] - Starting service [Tomcat]
2025-12-04 19:45:10.119 INFO  [o.a.catalina.core.StandardEngine] - Starting Servlet engine: [Apache Tomcat/10.1.46]
2025-12-04 19:45:10.174 INFO  [o.a.c.c.C.[Tomcat].[localhost].[/]] - Initializing Spring embedded WebApplicationContext
2025-12-04 19:45:10.174 INFO  [o.s.b.w.s.c.ServletWebServerApplicationContext] - Root WebApplicationContext: initialization completed in 2055 ms
2025-12-04 19:45:10.574 INFO  [com.zaxxer.hikari.HikariDataSource] - HikariPool-1 - Starting...
2025-12-04 19:45:10.795 INFO  [com.zaxxer.hikari.pool.HikariPool] - HikariPool-1 - Added connection org.postgresql.jdbc.PgConnection@6b86826a
2025-12-04 19:45:10.797 INFO  [com.zaxxer.hikari.HikariDataSource] - HikariPool-1 - Start completed.
2025-12-04 19:45:10.846 INFO  [org.flywaydb.core.FlywayExecutor] - Database: jdbc:postgresql://localhost:5433/buses (PostgreSQL 17.7)
2025-12-04 19:45:10.940 INFO  [o.f.core.internal.command.DbValidate] - Successfully validated 5 migrations (execution time 00:00.040s)
2025-12-04 19:45:10.955 INFO  [o.f.core.internal.command.DbMigrate] - Current version of schema "public": 5
2025-12-04 19:45:10.955 INFO  [o.f.core.internal.command.DbMigrate] - Schema "public" is up to date. No migration necessary.
2025-12-04 19:45:11.474 INFO  [o.s.o.j.p.SpringPersistenceUnitInfo] - No LoadTimeWeaver setup: ignoring JPA class transformer
2025-12-04 19:45:11.554 WARN  [org.hibernate.orm.deprecation] - HHH90000025: PostgreSQLDialect does not need to be specified explicitly using 'hibernate.dialect' (remove the property setting and it will be selected by default)
2025-12-04 19:45:12.537 INFO  [o.s.o.j.LocalContainerEntityManagerFactoryBean] - Initialized JPA EntityManagerFactory for persistence unit 'default'
2025-12-04 19:45:13.054 WARN  [o.s.b.a.o.j.JpaBaseConfiguration$JpaWebConfiguration] - spring.jpa.open-in-view is enabled by default. Therefore, database queries may be performed during view rendering. Explicitly configure spring.jpa.open-in-view to disable this warning
2025-12-04 19:45:13.087 WARN  [o.s.b.a.s.s.UserDetailsServiceAutoConfiguration] - 

Using generated security password: 8705dab3-7302-499e-aa41-439c7a0f460f

This generated password is for development use only. Your security configuration must be updated before running your application in production.

2025-12-04 19:45:13.093 INFO  [o.s.s.c.a.a.c.InitializeUserDetailsBeanManagerConfigurer$InitializeUserDetailsManagerConfigurer] - Global AuthenticationManager configured with UserDetailsService bean with name inMemoryUserDetailsManager
2025-12-04 19:45:14.093 INFO  [o.s.b.a.e.web.EndpointLinksResolver] - Exposing 2 endpoints beneath base path '/actuator'
2025-12-04 19:45:14.174 INFO  [o.a.coyote.http11.Http11NioProtocol] - Starting ProtocolHandler ["http-nio-8080"]
2025-12-04 19:45:14.203 INFO  [o.s.b.w.e.tomcat.TomcatWebServer] - Tomcat started on port 8080 (http) with context path '/'
2025-12-04 19:45:14.219 INFO  [c.v.buses_api.BusesApiApplication] - Started BusesApiApplication in 6.776 seconds (process running for 7.128)
2025-12-04 19:45:14.232 INFO  [c.v.b.a.task.ExpiredHoldsCleanupTask] - Ejecutando limpieza de reservas expiradas...
2025-12-04 19:45:14.356 INFO  [c.v.b.a.task.ExpiredHoldsCleanupTask] - Limpieza completada.
2025-12-04 19:45:53.728 INFO  [o.a.c.c.C.[Tomcat].[localhost].[/]] - Initializing Spring DispatcherServlet 'dispatcherServlet'
2025-12-04 19:45:53.728 INFO  [o.s.web.servlet.DispatcherServlet] - Initializing Servlet 'dispatcherServlet'
2025-12-04 19:45:53.730 INFO  [o.s.web.servlet.DispatcherServlet] - Completed initialization in 2 ms
2025-12-04 19:46:14.226 INFO  [c.v.b.a.task.ExpiredHoldsCleanupTask] - Ejecutando limpieza de reservas expiradas...
2025-12-04 19:46:14.228 INFO  [c.v.b.a.task.ExpiredHoldsCleanupTask] - Limpieza completada.
2025-12-04 19:47:14.219 INFO  [c.v.b.a.task.ExpiredHoldsCleanupTask] - Ejecutando limpieza de reservas expiradas...
2025-12-04 19:47:14.221 INFO  [c.v.b.a.task.ExpiredHoldsCleanupTask] - Limpieza completada.
2025-12-04 19:48:14.232 INFO  [c.v.b.a.task.ExpiredHoldsCleanupTask] - Ejecutando limpieza de reservas expiradas...
2025-12-04 19:48:14.232 INFO  [c.v.b.a.task.ExpiredHoldsCleanupTask] - Limpieza completada.
2025-12-04 19:49:14.231 INFO  [c.v.b.a.task.ExpiredHoldsCleanupTask] - Ejecutando limpieza de reservas expiradas...
2025-12-04 19:49:14.234 INFO  [c.v.b.a.task.ExpiredHoldsCleanupTask] - Limpieza completada.
2025-12-04 19:50:14.222 INFO  [c.v.b.a.task.ExpiredHoldsCleanupTask] - Ejecutando limpieza de reservas expiradas...
2025-12-04 19:50:14.224 INFO  [c.v.b.a.task.ExpiredHoldsCleanupTask] - Limpieza completada.
2025-12-04 19:51:14.221 INFO  [c.v.b.a.task.ExpiredHoldsCleanupTask] - Ejecutando limpieza de reservas expiradas...
2025-12-04 19:51:14.224 INFO  [c.v.b.a.task.ExpiredHoldsCleanupTask] - Limpieza completada.
2025-12-04 19:52:14.226 INFO  [c.v.b.a.task.ExpiredHoldsCleanupTask] - Ejecutando limpieza de reservas expiradas...
2025-12-04 19:52:14.226 INFO  [c.v.b.a.task.ExpiredHoldsCleanupTask] - Limpieza completada.
2025-12-04 19:53:14.224 INFO  [c.v.b.a.task.ExpiredHoldsCleanupTask] - Ejecutando limpieza de reservas expiradas...
2025-12-04 19:53:14.224 INFO  [c.v.b.a.task.ExpiredHoldsCleanupTask] - Limpieza completada.
2025-12-04 19:54:14.222 INFO  [c.v.b.a.task.ExpiredHoldsCleanupTask] - Ejecutando limpieza de reservas expiradas...
2025-12-04 19:54:14.224 INFO  [c.v.b.a.task.ExpiredHoldsCleanupTask] - Limpieza completada.
2025-12-04 19:55:14.220 INFO  [c.v.b.a.task.ExpiredHoldsCleanupTask] - Ejecutando limpieza de reservas expiradas...
2025-12-04 19:55:14.221 INFO  [c.v.b.a.task.ExpiredHoldsCleanupTask] - Limpieza completada.
2025-12-04 19:56:14.220 INFO  [c.v.b.a.task.ExpiredHoldsCleanupTask] - Ejecutando limpieza de reservas expiradas...
2025-12-04 19:56:14.220 INFO  [c.v.b.a.task.ExpiredHoldsCleanupTask] - Limpieza completada.
2025-12-04 19:57:14.225 INFO  [c.v.b.a.task.ExpiredHoldsCleanupTask] - Ejecutando limpieza de reservas expiradas...
2025-12-04 19:57:14.225 INFO  [c.v.b.a.task.ExpiredHoldsCleanupTask] - Limpieza completada.
2025-12-04 19:58:14.224 INFO  [c.v.b.a.task.ExpiredHoldsCleanupTask] - Ejecutando limpieza de reservas expiradas...
2025-12-04 19:58:14.224 INFO  [c.v.b.a.task.ExpiredHoldsCleanupTask] - Limpieza completada.
2025-12-04 19:59:14.228 INFO  [c.v.b.a.task.ExpiredHoldsCleanupTask] - Ejecutando limpieza de reservas expiradas...
2025-12-04 19:59:14.230 INFO  [c.v.b.a.task.ExpiredHoldsCleanupTask] - Limpieza completada.
2025-12-04 20:00:14.221 INFO  [c.v.b.a.task.ExpiredHoldsCleanupTask] - Ejecutando limpieza de reservas expiradas...
2025-12-04 20:00:14.221 INFO  [c.v.b.a.task.ExpiredHoldsCleanupTask] - Limpieza completada.
2025-12-04 20:01:14.230 INFO  [c.v.b.a.task.ExpiredHoldsCleanupTask] - Ejecutando limpieza de reservas expiradas...
2025-12-04 20:01:14.232 INFO  [c.v.b.a.task.ExpiredHoldsCleanupTask] - Limpieza completada.
2025-12-04 20:02:14.224 INFO  [c.v.b.a.task.ExpiredHoldsCleanupTask] - Ejecutando limpieza de reservas expiradas...
2025-12-04 20:02:14.224 INFO  [c.v.b.a.task.ExpiredHoldsCleanupTask] - Limpieza completada.
2025-12-04 20:03:14.235 INFO  [c.v.b.a.task.ExpiredHoldsCleanupTask] - Ejecutando limpieza de reservas expiradas...
2025-12-04 20:03:14.237 INFO  [c.v.b.a.task.ExpiredHoldsCleanupTask] - Limpieza completada.
2025-12-04 20:04:14.235 INFO  [c.v.b.a.task.ExpiredHoldsCleanupTask] - Ejecutando limpieza de reservas expiradas...
2025-12-04 20:04:14.237 INFO  [c.v.b.a.task.ExpiredHoldsCleanupTask] - Limpieza completada.
2025-12-04 20:05:14.237 INFO  [c.v.b.a.task.ExpiredHoldsCleanupTask] - Ejecutando limpieza de reservas expiradas...
2025-12-04 20:05:14.238 INFO  [c.v.b.a.task.ExpiredHoldsCleanupTask] - Limpieza completada.
2025-12-04 20:06:14.235 INFO  [c.v.b.a.task.ExpiredHoldsCleanupTask] - Ejecutando limpieza de reservas expiradas...
2025-12-04 20:06:14.237 INFO  [c.v.b.a.task.ExpiredHoldsCleanupTask] - Limpieza completada.
2025-12-04 20:07:14.235 INFO  [c.v.b.a.task.ExpiredHoldsCleanupTask] - Ejecutando limpieza de reservas expiradas...
2025-12-04 20:07:14.237 INFO  [c.v.b.a.task.ExpiredHoldsCleanupTask] - Limpieza completada.
2025-12-04 20:08:14.222 INFO  [c.v.b.a.task.ExpiredHoldsCleanupTask] - Ejecutando limpieza de reservas expiradas...
2025-12-04 20:08:14.222 INFO  [c.v.b.a.task.ExpiredHoldsCleanupTask] - Limpieza completada.
2025-12-04 20:08:35.769 INFO  [c.v.buses_api.BusesApiApplication] - Starting BusesApiApplication using Java 21.0.9 with PID 7384 (C:\Users\M4c4c0\Documents\GitHub\buses-venegas-S.A\backend\buses-api\build\classes\java\main started by M4c4c0 in C:\Users\M4c4c0\Documents\GitHub\buses-venegas-S.A\backend\buses-api)
2025-12-04 20:08:35.769 DEBUG [c.v.buses_api.BusesApiApplication] - Running with Spring Boot v3.5.6, Spring v6.2.11
2025-12-04 20:08:35.769 INFO  [c.v.buses_api.BusesApiApplication] - No active profile set, falling back to 1 default profile: "default"
2025-12-04 20:08:36.785 INFO  [o.s.d.r.c.RepositoryConfigurationDelegate] - Multiple Spring Data modules found, entering strict repository configuration mode
2025-12-04 20:08:36.788 INFO  [o.s.d.r.c.RepositoryConfigurationDelegate] - Bootstrapping Spring Data JPA repositories in DEFAULT mode.
2025-12-04 20:08:36.922 INFO  [o.s.d.r.c.RepositoryConfigurationDelegate] - Finished Spring Data repository scanning in 136 ms. Found 5 JPA repository interfaces.
2025-12-04 20:08:36.943 INFO  [o.s.d.r.c.RepositoryConfigurationDelegate] - Multiple Spring Data modules found, entering strict repository configuration mode
2025-12-04 20:08:36.943 INFO  [o.s.d.r.c.RepositoryConfigurationDelegate] - Bootstrapping Spring Data Redis repositories in DEFAULT mode.
2025-12-04 20:08:36.959 INFO  [o.s.d.r.c.RepositoryConfigurationExtensionSupport] - Spring Data Redis - Could not safely identify store assignment for repository candidate interface cl.venegas.buses_api.infrastructure.persistence.jpa.repo.BookingJpaRepository; If you want this repository to be a Redis repository, consider annotating your entities with one of these annotations: org.springframework.data.redis.core.RedisHash (preferred), or consider extending one of the following types with your repository: org.springframework.data.keyvalue.repository.KeyValueRepository
2025-12-04 20:08:36.959 INFO  [o.s.d.r.c.RepositoryConfigurationExtensionSupport] - Spring Data Redis - Could not safely identify store assignment for repository candidate interface cl.venegas.buses_api.infrastructure.persistence.jpa.repo.PaymentJpaRepository; If you want this repository to be a Redis repository, consider annotating your entities with one of these annotations: org.springframework.data.redis.core.RedisHash (preferred), or consider extending one of the following types with your repository: org.springframework.data.keyvalue.repository.KeyValueRepository
2025-12-04 20:08:36.959 INFO  [o.s.d.r.c.RepositoryConfigurationExtensionSupport] - Spring Data Redis - Could not safely identify store assignment for repository candidate interface cl.venegas.buses_api.infrastructure.persistence.jpa.repo.SeatHoldJpaRepository; If you want this repository to be a Redis repository, consider annotating your entities with one of these annotations: org.springframework.data.redis.core.RedisHash (preferred), or consider extending one of the following types with your repository: org.springframework.data.keyvalue.repository.KeyValueRepository
2025-12-04 20:08:36.959 INFO  [o.s.d.r.c.RepositoryConfigurationExtensionSupport] - Spring Data Redis - Could not safely identify store assignment for repository candidate interface cl.venegas.buses_api.infrastructure.persistence.jpa.repo.TripJpaRepository; If you want this repository to be a Redis repository, consider annotating your entities with one of these annotations: org.springframework.data.redis.core.RedisHash (preferred), or consider extending one of the following types with your repository: org.springframework.data.keyvalue.repository.KeyValueRepository
2025-12-04 20:08:36.959 INFO  [o.s.d.r.c.RepositoryConfigurationExtensionSupport] - Spring Data Redis - Could not safely identify store assignment for repository candidate interface cl.venegas.buses_api.infrastructure.persistence.jpa.repo.UserJpaRepository; If you want this repository to be a Redis repository, consider annotating your entities with one of these annotations: org.springframework.data.redis.core.RedisHash (preferred), or consider extending one of the following types with your repository: org.springframework.data.keyvalue.repository.KeyValueRepository
2025-12-04 20:08:36.959 INFO  [o.s.d.r.c.RepositoryConfigurationDelegate] - Finished Spring Data repository scanning in 10 ms. Found 0 Redis repository interfaces.
2025-12-04 20:08:37.446 INFO  [o.s.b.w.e.tomcat.TomcatWebServer] - Tomcat initialized with port 8080 (http)
2025-12-04 20:08:37.457 INFO  [o.a.coyote.http11.Http11NioProtocol] - Initializing ProtocolHandler ["http-nio-8080"]
2025-12-04 20:08:37.457 INFO  [o.a.catalina.core.StandardService] - Starting service [Tomcat]
2025-12-04 20:08:37.463 INFO  [o.a.catalina.core.StandardEngine] - Starting Servlet engine: [Apache Tomcat/10.1.46]
2025-12-04 20:08:37.517 INFO  [o.a.c.c.C.[Tomcat].[localhost].[/]] - Initializing Spring embedded WebApplicationContext
2025-12-04 20:08:37.518 INFO  [o.s.b.w.s.c.ServletWebServerApplicationContext] - Root WebApplicationContext: initialization completed in 1704 ms
2025-12-04 20:08:37.819 INFO  [com.zaxxer.hikari.HikariDataSource] - HikariPool-1 - Starting...
2025-12-04 20:08:37.943 INFO  [com.zaxxer.hikari.pool.HikariPool] - HikariPool-1 - Added connection org.postgresql.jdbc.PgConnection@26d7cb0d
2025-12-04 20:08:37.954 INFO  [com.zaxxer.hikari.HikariDataSource] - HikariPool-1 - Start completed.
2025-12-04 20:08:37.973 INFO  [org.flywaydb.core.FlywayExecutor] - Database: jdbc:postgresql://localhost:5433/buses (PostgreSQL 17.7)
2025-12-04 20:08:38.027 INFO  [o.f.core.internal.command.DbValidate] - Successfully validated 5 migrations (execution time 00:00.026s)
2025-12-04 20:08:38.194 INFO  [o.f.core.internal.command.DbMigrate] - Current version of schema "public": 5
2025-12-04 20:08:38.194 INFO  [o.f.core.internal.command.DbMigrate] - Schema "public" is up to date. No migration necessary.
2025-12-04 20:08:38.619 INFO  [o.s.o.j.p.SpringPersistenceUnitInfo] - No LoadTimeWeaver setup: ignoring JPA class transformer
2025-12-04 20:08:38.669 WARN  [org.hibernate.orm.deprecation] - HHH90000025: PostgreSQLDialect does not need to be specified explicitly using 'hibernate.dialect' (remove the property setting and it will be selected by default)
2025-12-04 20:08:39.569 INFO  [o.s.o.j.LocalContainerEntityManagerFactoryBean] - Initialized JPA EntityManagerFactory for persistence unit 'default'
2025-12-04 20:08:40.053 WARN  [o.s.b.a.o.j.JpaBaseConfiguration$JpaWebConfiguration] - spring.jpa.open-in-view is enabled by default. Therefore, database queries may be performed during view rendering. Explicitly configure spring.jpa.open-in-view to disable this warning
2025-12-04 20:08:40.084 WARN  [o.s.b.a.s.s.UserDetailsServiceAutoConfiguration] - 

Using generated security password: 1161c453-bc20-4596-b9a8-af8f9762b644

This generated password is for development use only. Your security configuration must be updated before running your application in production.

2025-12-04 20:08:40.090 INFO  [o.s.s.c.a.a.c.InitializeUserDetailsBeanManagerConfigurer$InitializeUserDetailsManagerConfigurer] - Global AuthenticationManager configured with UserDetailsService bean with name inMemoryUserDetailsManager
2025-12-04 20:08:40.925 INFO  [o.s.b.a.e.web.EndpointLinksResolver] - Exposing 2 endpoints beneath base path '/actuator'
2025-12-04 20:08:40.997 INFO  [o.a.coyote.http11.Http11NioProtocol] - Starting ProtocolHandler ["http-nio-8080"]
2025-12-04 20:08:41.015 INFO  [o.s.b.w.e.tomcat.TomcatWebServer] - Tomcat started on port 8080 (http) with context path '/'
2025-12-04 20:08:41.027 INFO  [c.v.buses_api.BusesApiApplication] - Started BusesApiApplication in 5.754 seconds (process running for 6.087)
2025-12-04 20:08:41.044 INFO  [c.v.b.a.task.ExpiredHoldsCleanupTask] - Ejecutando limpieza de reservas expiradas...
2025-12-04 20:08:41.174 INFO  [c.v.b.a.task.ExpiredHoldsCleanupTask] - Limpieza completada.
2025-12-04 20:09:41.035 INFO  [c.v.b.a.task.ExpiredHoldsCleanupTask] - Ejecutando limpieza de reservas expiradas...
2025-12-04 20:09:41.038 INFO  [c.v.b.a.task.ExpiredHoldsCleanupTask] - Limpieza completada.
2025-12-04 20:10:19.972 INFO  [o.a.c.c.C.[Tomcat].[localhost].[/]] - Initializing Spring DispatcherServlet 'dispatcherServlet'
2025-12-04 20:10:19.972 INFO  [o.s.web.servlet.DispatcherServlet] - Initializing Servlet 'dispatcherServlet'
2025-12-04 20:10:19.972 INFO  [o.s.web.servlet.DispatcherServlet] - Completed initialization in 0 ms
2025-12-04 20:10:41.030 INFO  [c.v.b.a.task.ExpiredHoldsCleanupTask] - Ejecutando limpieza de reservas expiradas...
2025-12-04 20:10:41.030 INFO  [c.v.b.a.task.ExpiredHoldsCleanupTask] - Limpieza completada.
2025-12-04 20:11:41.035 INFO  [c.v.b.a.task.ExpiredHoldsCleanupTask] - Ejecutando limpieza de reservas expiradas...
2025-12-04 20:11:41.037 INFO  [c.v.b.a.task.ExpiredHoldsCleanupTask] - Limpieza completada.
2025-12-04 20:12:41.035 INFO  [c.v.b.a.task.ExpiredHoldsCleanupTask] - Ejecutando limpieza de reservas expiradas...
2025-12-04 20:12:41.037 INFO  [c.v.b.a.task.ExpiredHoldsCleanupTask] - Limpieza completada.
2025-12-04 20:13:41.042 INFO  [c.v.b.a.task.ExpiredHoldsCleanupTask] - Ejecutando limpieza de reservas expiradas...
2025-12-04 20:13:41.044 INFO  [c.v.b.a.task.ExpiredHoldsCleanupTask] - Limpieza completada.
2025-12-04 20:14:41.031 INFO  [c.v.b.a.task.ExpiredHoldsCleanupTask] - Ejecutando limpieza de reservas expiradas...
2025-12-04 20:14:41.031 INFO  [c.v.b.a.task.ExpiredHoldsCleanupTask] - Limpieza completada.
2025-12-04 20:15:41.036 INFO  [c.v.b.a.task.ExpiredHoldsCleanupTask] - Ejecutando limpieza de reservas expiradas...
2025-12-04 20:15:41.038 INFO  [c.v.b.a.task.ExpiredHoldsCleanupTask] - Limpieza completada.
2025-12-04 20:16:12.322 INFO  [c.v.b.i.w.controller.TripsController] - Recibido GET /api/v1/trips/search: origin=Victoria, destination=Santiago, date=2025-12-18
2025-12-04 20:16:12.322 WARN  [c.v.b.i.w.controller.TripsController] - No se encontraron viajes: origin=Victoria, destination=Santiago, date=2025-12-18
2025-12-04 20:16:15.624 INFO  [c.v.b.i.w.controller.TripsController] - Recibido GET /api/v1/trips/search: origin=Victoria, destination=Santiago, date=2025-12-18
2025-12-04 20:16:15.625 WARN  [c.v.b.i.w.controller.TripsController] - No se encontraron viajes: origin=Victoria, destination=Santiago, date=2025-12-18
2025-12-04 20:16:41.034 INFO  [c.v.b.a.task.ExpiredHoldsCleanupTask] - Ejecutando limpieza de reservas expiradas...
2025-12-04 20:16:41.037 INFO  [c.v.b.a.task.ExpiredHoldsCleanupTask] - Limpieza completada.
2025-12-04 20:17:41.035 INFO  [c.v.b.a.task.ExpiredHoldsCleanupTask] - Ejecutando limpieza de reservas expiradas...
2025-12-04 20:17:41.037 INFO  [c.v.b.a.task.ExpiredHoldsCleanupTask] - Limpieza completada.
2025-12-04 20:18:41.038 INFO  [c.v.b.a.task.ExpiredHoldsCleanupTask] - Ejecutando limpieza de reservas expiradas...
2025-12-04 20:18:41.038 INFO  [c.v.b.a.task.ExpiredHoldsCleanupTask] - Limpieza completada.
2025-12-04 20:19:41.030 INFO  [c.v.b.a.task.ExpiredHoldsCleanupTask] - Ejecutando limpieza de reservas expiradas...
2025-12-04 20:19:41.030 INFO  [c.v.b.a.task.ExpiredHoldsCleanupTask] - Limpieza completada.
2025-12-04 20:20:41.031 INFO  [c.v.b.a.task.ExpiredHoldsCleanupTask] - Ejecutando limpieza de reservas expiradas...
2025-12-04 20:20:41.031 INFO  [c.v.b.a.task.ExpiredHoldsCleanupTask] - Limpieza completada.
2025-12-04 20:21:41.034 INFO  [c.v.b.a.task.ExpiredHoldsCleanupTask] - Ejecutando limpieza de reservas expiradas...
2025-12-04 20:21:41.034 INFO  [c.v.b.a.task.ExpiredHoldsCleanupTask] - Limpieza completada.
2025-12-04 20:22:41.032 INFO  [c.v.b.a.task.ExpiredHoldsCleanupTask] - Ejecutando limpieza de reservas expiradas...
2025-12-04 20:22:41.032 INFO  [c.v.b.a.task.ExpiredHoldsCleanupTask] - Limpieza completada.
2025-12-04 20:23:41.031 INFO  [c.v.b.a.task.ExpiredHoldsCleanupTask] - Ejecutando limpieza de reservas expiradas...
2025-12-04 20:23:41.031 INFO  [c.v.b.a.task.ExpiredHoldsCleanupTask] - Limpieza completada.
2025-12-04 20:24:41.036 INFO  [c.v.b.a.task.ExpiredHoldsCleanupTask] - Ejecutando limpieza de reservas expiradas...
2025-12-04 20:24:41.037 INFO  [c.v.b.a.task.ExpiredHoldsCleanupTask] - Limpieza completada.
2025-12-04 20:25:41.034 INFO  [c.v.b.a.task.ExpiredHoldsCleanupTask] - Ejecutando limpieza de reservas expiradas...
2025-12-04 20:25:41.037 INFO  [c.v.b.a.task.ExpiredHoldsCleanupTask] - Limpieza completada.
2025-12-04 20:26:41.035 INFO  [c.v.b.a.task.ExpiredHoldsCleanupTask] - Ejecutando limpieza de reservas expiradas...
2025-12-04 20:26:41.037 INFO  [c.v.b.a.task.ExpiredHoldsCleanupTask] - Limpieza completada.
2025-12-04 20:27:41.035 INFO  [c.v.b.a.task.ExpiredHoldsCleanupTask] - Ejecutando limpieza de reservas expiradas...
2025-12-04 20:27:41.037 INFO  [c.v.b.a.task.ExpiredHoldsCleanupTask] - Limpieza completada.
2025-12-04 20:28:41.035 INFO  [c.v.b.a.task.ExpiredHoldsCleanupTask] - Ejecutando limpieza de reservas expiradas...
2025-12-04 20:28:41.037 INFO  [c.v.b.a.task.ExpiredHoldsCleanupTask] - Limpieza completada.
2025-12-04 20:29:41.035 INFO  [c.v.b.a.task.ExpiredHoldsCleanupTask] - Ejecutando limpieza de reservas expiradas...
2025-12-04 20:29:41.037 INFO  [c.v.b.a.task.ExpiredHoldsCleanupTask] - Limpieza completada.
2025-12-04 20:30:41.044 INFO  [c.v.b.a.task.ExpiredHoldsCleanupTask] - Ejecutando limpieza de reservas expiradas...
2025-12-04 20:30:41.046 INFO  [c.v.b.a.task.ExpiredHoldsCleanupTask] - Limpieza completada.
2025-12-04 20:31:07.471 INFO  [c.v.b.i.w.controller.TripsController] - Recibido GET /api/v1/trips/search: origin=Victoria, destination=Temuco, date=2025-12-26
2025-12-04 20:31:07.471 WARN  [c.v.b.i.w.controller.TripsController] - No se encontraron viajes: origin=Victoria, destination=Temuco, date=2025-12-26
2025-12-04 20:31:26.908 INFO  [c.v.b.i.w.controller.TripsController] - Recibido GET /api/v1/trips/search: origin=Victoria, destination=Temuco, date=2025-12-26
2025-12-04 20:31:26.908 WARN  [c.v.b.i.w.controller.TripsController] - No se encontraron viajes: origin=Victoria, destination=Temuco, date=2025-12-26
2025-12-04 20:31:41.033 INFO  [c.v.b.a.task.ExpiredHoldsCleanupTask] - Ejecutando limpieza de reservas expiradas...
2025-12-04 20:31:41.033 INFO  [c.v.b.a.task.ExpiredHoldsCleanupTask] - Limpieza completada.
2025-12-04 20:32:41.031 INFO  [c.v.b.a.task.ExpiredHoldsCleanupTask] - Ejecutando limpieza de reservas expiradas...
2025-12-04 20:32:41.031 INFO  [c.v.b.a.task.ExpiredHoldsCleanupTask] - Limpieza completada.
2025-12-04 20:33:41.035 INFO  [c.v.b.a.task.ExpiredHoldsCleanupTask] - Ejecutando limpieza de reservas expiradas...
2025-12-04 20:33:41.037 INFO  [c.v.b.a.task.ExpiredHoldsCleanupTask] - Limpieza completada.
2025-12-04 20:34:41.034 INFO  [c.v.b.a.task.ExpiredHoldsCleanupTask] - Ejecutando limpieza de reservas expiradas...
2025-12-04 20:34:41.037 INFO  [c.v.b.a.task.ExpiredHoldsCleanupTask] - Limpieza completada.
2025-12-04 20:35:41.033 INFO  [c.v.b.a.task.ExpiredHoldsCleanupTask] - Ejecutando limpieza de reservas expiradas...
2025-12-04 20:35:41.033 INFO  [c.v.b.a.task.ExpiredHoldsCleanupTask] - Limpieza completada.
2025-12-04 20:36:41.031 INFO  [c.v.b.a.task.ExpiredHoldsCleanupTask] - Ejecutando limpieza de reservas expiradas...
2025-12-04 20:36:41.031 INFO  [c.v.b.a.task.ExpiredHoldsCleanupTask] - Limpieza completada.
2025-12-04 20:37:41.036 INFO  [c.v.b.a.task.ExpiredHoldsCleanupTask] - Ejecutando limpieza de reservas expiradas...
2025-12-04 20:37:41.037 INFO  [c.v.b.a.task.ExpiredHoldsCleanupTask] - Limpieza completada.
2025-12-04 20:38:41.037 INFO  [c.v.b.a.task.ExpiredHoldsCleanupTask] - Ejecutando limpieza de reservas expiradas...
2025-12-04 20:38:41.039 INFO  [c.v.b.a.task.ExpiredHoldsCleanupTask] - Limpieza completada.
2025-12-04 20:39:41.035 INFO  [c.v.b.a.task.ExpiredHoldsCleanupTask] - Ejecutando limpieza de reservas expiradas...
2025-12-04 20:39:41.037 INFO  [c.v.b.a.task.ExpiredHoldsCleanupTask] - Limpieza completada.
2025-12-04 20:40:41.035 INFO  [c.v.b.a.task.ExpiredHoldsCleanupTask] - Ejecutando limpieza de reservas expiradas...
2025-12-04 20:40:41.035 INFO  [c.v.b.a.task.ExpiredHoldsCleanupTask] - Limpieza completada.
2025-12-04 20:41:36.770 INFO  [c.v.b.i.w.controller.TripsController] - Recibido GET /api/v1/trips/search: origin=Victoria, destination=Temuco, date=2025-12-18
2025-12-04 20:41:36.770 WARN  [c.v.b.i.w.controller.TripsController] - No se encontraron viajes: origin=Victoria, destination=Temuco, date=2025-12-18
2025-12-04 20:41:41.031 INFO  [c.v.b.a.task.ExpiredHoldsCleanupTask] - Ejecutando limpieza de reservas expiradas...
2025-12-04 20:41:41.031 INFO  [c.v.b.a.task.ExpiredHoldsCleanupTask] - Limpieza completada.
2025-12-04 20:41:49.928 INFO  [c.v.b.i.w.c.BookingsController] - Recibido POST /api/v1/bookings: tripId=1, userId=1, seatNumber=11
2025-12-04 20:41:49.928 WARN  [c.v.b.i.w.c.BookingsController] - Error de validación al crear reserva: Viaje no encontrado por la id 1
2025-12-04 20:41:54.019 INFO  [c.v.b.i.w.c.BookingsController] - Recibido POST /api/v1/bookings: tripId=1, userId=1, seatNumber=11
2025-12-04 20:41:54.019 WARN  [c.v.b.i.w.c.BookingsController] - Error de validación al crear reserva: Viaje no encontrado por la id 1
2025-12-04 20:42:24.165 INFO  [c.v.b.i.w.controller.TripsController] - Recibido GET /api/v1/trips/search: origin=Victoria, destination=Temuco, date=2025-12-18
2025-12-04 20:42:24.165 WARN  [c.v.b.i.w.controller.TripsController] - No se encontraron viajes: origin=Victoria, destination=Temuco, date=2025-12-18
2025-12-04 20:42:41.036 INFO  [c.v.b.a.task.ExpiredHoldsCleanupTask] - Ejecutando limpieza de reservas expiradas...
2025-12-04 20:42:41.037 INFO  [c.v.b.a.task.ExpiredHoldsCleanupTask] - Limpieza completada.
2025-12-04 20:42:50.631 INFO  [c.v.b.i.w.c.BookingsController] - Recibido POST /api/v1/bookings: tripId=2, userId=1, seatNumber=17
2025-12-04 20:42:50.632 WARN  [c.v.b.i.w.c.BookingsController] - Error de validación al crear reserva: Viaje no encontrado por la id 2
2025-12-04 20:43:41.034 INFO  [c.v.b.a.task.ExpiredHoldsCleanupTask] - Ejecutando limpieza de reservas expiradas...
2025-12-04 20:43:41.037 INFO  [c.v.b.a.task.ExpiredHoldsCleanupTask] - Limpieza completada.
2025-12-04 20:44:41.035 INFO  [c.v.b.a.task.ExpiredHoldsCleanupTask] - Ejecutando limpieza de reservas expiradas...
2025-12-04 20:44:41.037 INFO  [c.v.b.a.task.ExpiredHoldsCleanupTask] - Limpieza completada.
2025-12-04 20:45:41.037 INFO  [c.v.b.a.task.ExpiredHoldsCleanupTask] - Ejecutando limpieza de reservas expiradas...
2025-12-04 20:45:41.039 INFO  [c.v.b.a.task.ExpiredHoldsCleanupTask] - Limpieza completada.
2025-12-04 20:46:41.035 INFO  [c.v.b.a.task.ExpiredHoldsCleanupTask] - Ejecutando limpieza de reservas expiradas...
2025-12-04 20:46:41.037 INFO  [c.v.b.a.task.ExpiredHoldsCleanupTask] - Limpieza completada.
2025-12-04 20:47:41.035 INFO  [c.v.b.a.task.ExpiredHoldsCleanupTask] - Ejecutando limpieza de reservas expiradas...
2025-12-04 20:47:41.037 INFO  [c.v.b.a.task.ExpiredHoldsCleanupTask] - Limpieza completada.
2025-12-04 20:48:41.040 INFO  [c.v.b.a.task.ExpiredHoldsCleanupTask] - Ejecutando limpieza de reservas expiradas...
2025-12-04 20:48:41.042 INFO  [c.v.b.a.task.ExpiredHoldsCleanupTask] - Limpieza completada.
2025-12-04 20:49:41.036 INFO  [c.v.b.a.task.ExpiredHoldsCleanupTask] - Ejecutando limpieza de reservas expiradas...
2025-12-04 20:49:41.036 INFO  [c.v.b.a.task.ExpiredHoldsCleanupTask] - Limpieza completada.
2025-12-04 20:49:56.750 INFO  [c.v.buses_api.BusesApiApplication] - Starting BusesApiApplication using Java 21.0.9 with PID 14880 (C:\Users\M4c4c0\Documents\GitHub\buses-venegas-S.A\backend\buses-api\build\classes\java\main started by M4c4c0 in C:\Users\M4c4c0\Documents\GitHub\buses-venegas-S.A\backend\buses-api)
2025-12-04 20:49:56.753 DEBUG [c.v.buses_api.BusesApiApplication] - Running with Spring Boot v3.5.6, Spring v6.2.11
2025-12-04 20:49:56.754 INFO  [c.v.buses_api.BusesApiApplication] - No active profile set, falling back to 1 default profile: "default"
2025-12-04 20:49:57.838 INFO  [o.s.d.r.c.RepositoryConfigurationDelegate] - Multiple Spring Data modules found, entering strict repository configuration mode
2025-12-04 20:49:57.841 INFO  [o.s.d.r.c.RepositoryConfigurationDelegate] - Bootstrapping Spring Data JPA repositories in DEFAULT mode.
2025-12-04 20:49:58.002 INFO  [o.s.d.r.c.RepositoryConfigurationDelegate] - Finished Spring Data repository scanning in 155 ms. Found 5 JPA repository interfaces.
2025-12-04 20:49:58.017 INFO  [o.s.d.r.c.RepositoryConfigurationDelegate] - Multiple Spring Data modules found, entering strict repository configuration mode
2025-12-04 20:49:58.017 INFO  [o.s.d.r.c.RepositoryConfigurationDelegate] - Bootstrapping Spring Data Redis repositories in DEFAULT mode.
2025-12-04 20:49:58.031 INFO  [o.s.d.r.c.RepositoryConfigurationExtensionSupport] - Spring Data Redis - Could not safely identify store assignment for repository candidate interface cl.venegas.buses_api.infrastructure.persistence.jpa.repo.BookingJpaRepository; If you want this repository to be a Redis repository, consider annotating your entities with one of these annotations: org.springframework.data.redis.core.RedisHash (preferred), or consider extending one of the following types with your repository: org.springframework.data.keyvalue.repository.KeyValueRepository
2025-12-04 20:49:58.031 INFO  [o.s.d.r.c.RepositoryConfigurationExtensionSupport] - Spring Data Redis - Could not safely identify store assignment for repository candidate interface cl.venegas.buses_api.infrastructure.persistence.jpa.repo.PaymentJpaRepository; If you want this repository to be a Redis repository, consider annotating your entities with one of these annotations: org.springframework.data.redis.core.RedisHash (preferred), or consider extending one of the following types with your repository: org.springframework.data.keyvalue.repository.KeyValueRepository
2025-12-04 20:49:58.031 INFO  [o.s.d.r.c.RepositoryConfigurationExtensionSupport] - Spring Data Redis - Could not safely identify store assignment for repository candidate interface cl.venegas.buses_api.infrastructure.persistence.jpa.repo.SeatHoldJpaRepository; If you want this repository to be a Redis repository, consider annotating your entities with one of these annotations: org.springframework.data.redis.core.RedisHash (preferred), or consider extending one of the following types with your repository: org.springframework.data.keyvalue.repository.KeyValueRepository
2025-12-04 20:49:58.031 INFO  [o.s.d.r.c.RepositoryConfigurationExtensionSupport] - Spring Data Redis - Could not safely identify store assignment for repository candidate interface cl.venegas.buses_api.infrastructure.persistence.jpa.repo.TripJpaRepository; If you want this repository to be a Redis repository, consider annotating your entities with one of these annotations: org.springframework.data.redis.core.RedisHash (preferred), or consider extending one of the following types with your repository: org.springframework.data.keyvalue.repository.KeyValueRepository
2025-12-04 20:49:58.035 INFO  [o.s.d.r.c.RepositoryConfigurationExtensionSupport] - Spring Data Redis - Could not safely identify store assignment for repository candidate interface cl.venegas.buses_api.infrastructure.persistence.jpa.repo.UserJpaRepository; If you want this repository to be a Redis repository, consider annotating your entities with one of these annotations: org.springframework.data.redis.core.RedisHash (preferred), or consider extending one of the following types with your repository: org.springframework.data.keyvalue.repository.KeyValueRepository
2025-12-04 20:49:58.035 INFO  [o.s.d.r.c.RepositoryConfigurationDelegate] - Finished Spring Data repository scanning in 10 ms. Found 0 Redis repository interfaces.
2025-12-04 20:49:58.525 INFO  [o.s.b.w.e.tomcat.TomcatWebServer] - Tomcat initialized with port 8080 (http)
2025-12-04 20:49:58.535 INFO  [o.a.coyote.http11.Http11NioProtocol] - Initializing ProtocolHandler ["http-nio-8080"]
2025-12-04 20:49:58.535 INFO  [o.a.catalina.core.StandardService] - Starting service [Tomcat]
2025-12-04 20:49:58.535 INFO  [o.a.catalina.core.StandardEngine] - Starting Servlet engine: [Apache Tomcat/10.1.46]
2025-12-04 20:49:58.600 INFO  [o.a.c.c.C.[Tomcat].[localhost].[/]] - Initializing Spring embedded WebApplicationContext
2025-12-04 20:49:58.600 INFO  [o.s.b.w.s.c.ServletWebServerApplicationContext] - Root WebApplicationContext: initialization completed in 1813 ms
2025-12-04 20:49:58.874 INFO  [com.zaxxer.hikari.HikariDataSource] - HikariPool-1 - Starting...
2025-12-04 20:49:58.985 INFO  [com.zaxxer.hikari.pool.HikariPool] - HikariPool-1 - Added connection org.postgresql.jdbc.PgConnection@16944b58
2025-12-04 20:49:58.985 INFO  [com.zaxxer.hikari.HikariDataSource] - HikariPool-1 - Start completed.
2025-12-04 20:49:59.021 INFO  [org.flywaydb.core.FlywayExecutor] - Database: jdbc:postgresql://localhost:5433/buses (PostgreSQL 17.7)
2025-12-04 20:49:59.063 INFO  [o.f.core.internal.command.DbValidate] - Successfully validated 6 migrations (execution time 00:00.025s)
2025-12-04 20:49:59.105 INFO  [o.f.core.internal.command.DbMigrate] - Current version of schema "public": 5
2025-12-04 20:49:59.128 INFO  [o.f.core.internal.command.DbMigrate] - Migrating schema "public" to version "6 - add future trips"
2025-12-04 20:49:59.153 INFO  [o.f.core.internal.command.DbMigrate] - Successfully applied 1 migration to schema "public", now at version v6 (execution time 00:00.015s)
2025-12-04 20:49:59.535 INFO  [o.s.o.j.p.SpringPersistenceUnitInfo] - No LoadTimeWeaver setup: ignoring JPA class transformer
2025-12-04 20:49:59.585 WARN  [org.hibernate.orm.deprecation] - HHH90000025: PostgreSQLDialect does not need to be specified explicitly using 'hibernate.dialect' (remove the property setting and it will be selected by default)
2025-12-04 20:50:00.353 INFO  [o.s.o.j.LocalContainerEntityManagerFactoryBean] - Initialized JPA EntityManagerFactory for persistence unit 'default'
2025-12-04 20:50:00.731 WARN  [o.s.b.a.o.j.JpaBaseConfiguration$JpaWebConfiguration] - spring.jpa.open-in-view is enabled by default. Therefore, database queries may be performed during view rendering. Explicitly configure spring.jpa.open-in-view to disable this warning
2025-12-04 20:50:00.757 WARN  [o.s.b.a.s.s.UserDetailsServiceAutoConfiguration] - 

Using generated security password: 420ce4a3-55e2-4ead-82d6-50feca3b5d6a

This generated password is for development use only. Your security configuration must be updated before running your application in production.

2025-12-04 20:50:00.763 INFO  [o.s.s.c.a.a.c.InitializeUserDetailsBeanManagerConfigurer$InitializeUserDetailsManagerConfigurer] - Global AuthenticationManager configured with UserDetailsService bean with name inMemoryUserDetailsManager
2025-12-04 20:50:01.499 INFO  [o.s.b.a.e.web.EndpointLinksResolver] - Exposing 2 endpoints beneath base path '/actuator'
2025-12-04 20:50:01.562 INFO  [o.a.coyote.http11.Http11NioProtocol] - Starting ProtocolHandler ["http-nio-8080"]
2025-12-04 20:50:01.574 WARN  [o.s.b.w.s.c.AnnotationConfigServletWebServerApplicationContext] - Exception encountered during context initialization - cancelling refresh attempt: org.springframework.context.ApplicationContextException: Failed to start bean 'webServerStartStop'
2025-12-04 20:50:01.587 INFO  [o.s.o.j.LocalContainerEntityManagerFactoryBean] - Closing JPA EntityManagerFactory for persistence unit 'default'
2025-12-04 20:50:01.587 INFO  [com.zaxxer.hikari.HikariDataSource] - HikariPool-1 - Shutdown initiated...
2025-12-04 20:50:01.587 INFO  [com.zaxxer.hikari.HikariDataSource] - HikariPool-1 - Shutdown completed.
2025-12-04 20:50:01.622 INFO  [o.s.b.a.l.ConditionEvaluationReportLogger] - 

Error starting ApplicationContext. To display the condition evaluation report re-run your application with 'debug' enabled.
2025-12-04 20:50:01.637 ERROR [o.s.b.d.LoggingFailureAnalysisReporter] - 

***************************
APPLICATION FAILED TO START
***************************

Description:

Web server failed to start. Port 8080 was already in use.

Action:

Identify and stop the process that's listening on port 8080 or configure this application to listen on another port.

2025-12-04 20:50:46.797 INFO  [c.v.buses_api.BusesApiApplication] - Starting BusesApiApplication using Java 21.0.9 with PID 9884 (C:\Users\M4c4c0\Documents\GitHub\buses-venegas-S.A\backend\buses-api\build\classes\java\main started by M4c4c0 in C:\Users\M4c4c0\Documents\GitHub\buses-venegas-S.A\backend\buses-api)
2025-12-04 20:50:46.797 DEBUG [c.v.buses_api.BusesApiApplication] - Running with Spring Boot v3.5.6, Spring v6.2.11
2025-12-04 20:50:46.797 INFO  [c.v.buses_api.BusesApiApplication] - No active profile set, falling back to 1 default profile: "default"
2025-12-04 20:50:47.751 INFO  [o.s.d.r.c.RepositoryConfigurationDelegate] - Multiple Spring Data modules found, entering strict repository configuration mode
2025-12-04 20:50:47.760 INFO  [o.s.d.r.c.RepositoryConfigurationDelegate] - Bootstrapping Spring Data JPA repositories in DEFAULT mode.
2025-12-04 20:50:47.889 INFO  [o.s.d.r.c.RepositoryConfigurationDelegate] - Finished Spring Data repository scanning in 122 ms. Found 5 JPA repository interfaces.
2025-12-04 20:50:47.900 INFO  [o.s.d.r.c.RepositoryConfigurationDelegate] - Multiple Spring Data modules found, entering strict repository configuration mode
2025-12-04 20:50:47.901 INFO  [o.s.d.r.c.RepositoryConfigurationDelegate] - Bootstrapping Spring Data Redis repositories in DEFAULT mode.
2025-12-04 20:50:47.917 INFO  [o.s.d.r.c.RepositoryConfigurationExtensionSupport] - Spring Data Redis - Could not safely identify store assignment for repository candidate interface cl.venegas.buses_api.infrastructure.persistence.jpa.repo.BookingJpaRepository; If you want this repository to be a Redis repository, consider annotating your entities with one of these annotations: org.springframework.data.redis.core.RedisHash (preferred), or consider extending one of the following types with your repository: org.springframework.data.keyvalue.repository.KeyValueRepository
2025-12-04 20:50:47.917 INFO  [o.s.d.r.c.RepositoryConfigurationExtensionSupport] - Spring Data Redis - Could not safely identify store assignment for repository candidate interface cl.venegas.buses_api.infrastructure.persistence.jpa.repo.PaymentJpaRepository; If you want this repository to be a Redis repository, consider annotating your entities with one of these annotations: org.springframework.data.redis.core.RedisHash (preferred), or consider extending one of the following types with your repository: org.springframework.data.keyvalue.repository.KeyValueRepository
2025-12-04 20:50:47.917 INFO  [o.s.d.r.c.RepositoryConfigurationExtensionSupport] - Spring Data Redis - Could not safely identify store assignment for repository candidate interface cl.venegas.buses_api.infrastructure.persistence.jpa.repo.SeatHoldJpaRepository; If you want this repository to be a Redis repository, consider annotating your entities with one of these annotations: org.springframework.data.redis.core.RedisHash (preferred), or consider extending one of the following types with your repository: org.springframework.data.keyvalue.repository.KeyValueRepository
2025-12-04 20:50:47.917 INFO  [o.s.d.r.c.RepositoryConfigurationExtensionSupport] - Spring Data Redis - Could not safely identify store assignment for repository candidate interface cl.venegas.buses_api.infrastructure.persistence.jpa.repo.TripJpaRepository; If you want this repository to be a Redis repository, consider annotating your entities with one of these annotations: org.springframework.data.redis.core.RedisHash (preferred), or consider extending one of the following types with your repository: org.springframework.data.keyvalue.repository.KeyValueRepository
2025-12-04 20:50:47.917 INFO  [o.s.d.r.c.RepositoryConfigurationExtensionSupport] - Spring Data Redis - Could not safely identify store assignment for repository candidate interface cl.venegas.buses_api.infrastructure.persistence.jpa.repo.UserJpaRepository; If you want this repository to be a Redis repository, consider annotating your entities with one of these annotations: org.springframework.data.redis.core.RedisHash (preferred), or consider extending one of the following types with your repository: org.springframework.data.keyvalue.repository.KeyValueRepository
2025-12-04 20:50:47.917 INFO  [o.s.d.r.c.RepositoryConfigurationDelegate] - Finished Spring Data repository scanning in 13 ms. Found 0 Redis repository interfaces.
2025-12-04 20:50:48.373 INFO  [o.s.b.w.e.tomcat.TomcatWebServer] - Tomcat initialized with port 8080 (http)
2025-12-04 20:50:48.383 INFO  [o.a.coyote.http11.Http11NioProtocol] - Initializing ProtocolHandler ["http-nio-8080"]
2025-12-04 20:50:48.385 INFO  [o.a.catalina.core.StandardService] - Starting service [Tomcat]
2025-12-04 20:50:48.385 INFO  [o.a.catalina.core.StandardEngine] - Starting Servlet engine: [Apache Tomcat/10.1.46]
2025-12-04 20:50:48.435 INFO  [o.a.c.c.C.[Tomcat].[localhost].[/]] - Initializing Spring embedded WebApplicationContext
2025-12-04 20:50:48.435 INFO  [o.s.b.w.s.c.ServletWebServerApplicationContext] - Root WebApplicationContext: initialization completed in 1603 ms
2025-12-04 20:50:48.735 INFO  [com.zaxxer.hikari.HikariDataSource] - HikariPool-1 - Starting...
2025-12-04 20:50:48.870 INFO  [com.zaxxer.hikari.pool.HikariPool] - HikariPool-1 - Added connection org.postgresql.jdbc.PgConnection@23c72128
2025-12-04 20:50:48.871 INFO  [com.zaxxer.hikari.HikariDataSource] - HikariPool-1 - Start completed.
2025-12-04 20:50:48.893 INFO  [org.flywaydb.core.FlywayExecutor] - Database: jdbc:postgresql://localhost:5433/buses (PostgreSQL 17.7)
2025-12-04 20:50:48.935 INFO  [o.f.core.internal.command.DbValidate] - Successfully validated 6 migrations (execution time 00:00.027s)
2025-12-04 20:50:48.981 INFO  [o.f.core.internal.command.DbMigrate] - Current version of schema "public": 6
2025-12-04 20:50:48.983 INFO  [o.f.core.internal.command.DbMigrate] - Schema "public" is up to date. No migration necessary.
2025-12-04 20:50:49.358 INFO  [o.s.o.j.p.SpringPersistenceUnitInfo] - No LoadTimeWeaver setup: ignoring JPA class transformer
2025-12-04 20:50:49.404 WARN  [org.hibernate.orm.deprecation] - HHH90000025: PostgreSQLDialect does not need to be specified explicitly using 'hibernate.dialect' (remove the property setting and it will be selected by default)
2025-12-04 20:50:50.228 INFO  [o.s.o.j.LocalContainerEntityManagerFactoryBean] - Initialized JPA EntityManagerFactory for persistence unit 'default'
2025-12-04 20:50:50.640 WARN  [o.s.b.a.o.j.JpaBaseConfiguration$JpaWebConfiguration] - spring.jpa.open-in-view is enabled by default. Therefore, database queries may be performed during view rendering. Explicitly configure spring.jpa.open-in-view to disable this warning
2025-12-04 20:50:50.666 WARN  [o.s.b.a.s.s.UserDetailsServiceAutoConfiguration] - 

Using generated security password: a2106477-d629-4977-a1c7-913f3ad9cc03

This generated password is for development use only. Your security configuration must be updated before running your application in production.

2025-12-04 20:50:50.672 INFO  [o.s.s.c.a.a.c.InitializeUserDetailsBeanManagerConfigurer$InitializeUserDetailsManagerConfigurer] - Global AuthenticationManager configured with UserDetailsService bean with name inMemoryUserDetailsManager
2025-12-04 20:50:51.525 INFO  [o.s.b.a.e.web.EndpointLinksResolver] - Exposing 2 endpoints beneath base path '/actuator'
2025-12-04 20:50:51.585 INFO  [o.a.coyote.http11.Http11NioProtocol] - Starting ProtocolHandler ["http-nio-8080"]
2025-12-04 20:50:51.601 INFO  [o.s.b.w.e.tomcat.TomcatWebServer] - Tomcat started on port 8080 (http) with context path '/'
2025-12-04 20:50:51.623 INFO  [c.v.buses_api.BusesApiApplication] - Started BusesApiApplication in 5.291 seconds (process running for 5.574)
2025-12-04 20:50:51.631 INFO  [c.v.b.a.task.ExpiredHoldsCleanupTask] - Ejecutando limpieza de reservas expiradas...
2025-12-04 20:50:51.762 INFO  [c.v.b.a.task.ExpiredHoldsCleanupTask] - Limpieza completada.
2025-12-04 20:51:38.167 INFO  [o.a.c.c.C.[Tomcat].[localhost].[/]] - Initializing Spring DispatcherServlet 'dispatcherServlet'
2025-12-04 20:51:38.167 INFO  [o.s.web.servlet.DispatcherServlet] - Initializing Servlet 'dispatcherServlet'
2025-12-04 20:51:38.167 INFO  [o.s.web.servlet.DispatcherServlet] - Completed initialization in 0 ms
2025-12-04 20:51:51.626 INFO  [c.v.b.a.task.ExpiredHoldsCleanupTask] - Ejecutando limpieza de reservas expiradas...
2025-12-04 20:51:51.629 INFO  [c.v.b.a.task.ExpiredHoldsCleanupTask] - Limpieza completada.
2025-12-04 20:52:51.626 INFO  [c.v.b.a.task.ExpiredHoldsCleanupTask] - Ejecutando limpieza de reservas expiradas...
2025-12-04 20:52:51.628 INFO  [c.v.b.a.task.ExpiredHoldsCleanupTask] - Limpieza completada.
2025-12-04 20:53:51.623 INFO  [c.v.b.a.task.ExpiredHoldsCleanupTask] - Ejecutando limpieza de reservas expiradas...
2025-12-04 20:53:51.623 INFO  [c.v.b.a.task.ExpiredHoldsCleanupTask] - Limpieza completada.
2025-12-04 20:54:51.627 INFO  [c.v.b.a.task.ExpiredHoldsCleanupTask] - Ejecutando limpieza de reservas expiradas...
2025-12-04 20:54:51.627 INFO  [c.v.b.a.task.ExpiredHoldsCleanupTask] - Limpieza completada.
2025-12-04 20:55:51.626 INFO  [c.v.b.a.task.ExpiredHoldsCleanupTask] - Ejecutando limpieza de reservas expiradas...
2025-12-04 20:55:51.626 INFO  [c.v.b.a.task.ExpiredHoldsCleanupTask] - Limpieza completada.
2025-12-04 20:56:51.624 INFO  [c.v.b.a.task.ExpiredHoldsCleanupTask] - Ejecutando limpieza de reservas expiradas...
2025-12-04 20:56:51.624 INFO  [c.v.b.a.task.ExpiredHoldsCleanupTask] - Limpieza completada.
2025-12-04 20:57:51.624 INFO  [c.v.b.a.task.ExpiredHoldsCleanupTask] - Ejecutando limpieza de reservas expiradas...
2025-12-04 20:57:51.624 INFO  [c.v.b.a.task.ExpiredHoldsCleanupTask] - Limpieza completada.
2025-12-04 20:58:51.631 INFO  [c.v.b.a.task.ExpiredHoldsCleanupTask] - Ejecutando limpieza de reservas expiradas...
2025-12-04 20:58:51.634 INFO  [c.v.b.a.task.ExpiredHoldsCleanupTask] - Limpieza completada.
2025-12-04 20:59:51.630 INFO  [c.v.b.a.task.ExpiredHoldsCleanupTask] - Ejecutando limpieza de reservas expiradas...
2025-12-04 20:59:51.630 INFO  [c.v.b.a.task.ExpiredHoldsCleanupTask] - Limpieza completada.
2025-12-04 21:00:51.641 INFO  [c.v.b.a.task.ExpiredHoldsCleanupTask] - Ejecutando limpieza de reservas expiradas...
2025-12-04 21:00:51.641 INFO  [c.v.b.a.task.ExpiredHoldsCleanupTask] - Limpieza completada.
2025-12-04 21:01:51.625 INFO  [c.v.b.a.task.ExpiredHoldsCleanupTask] - Ejecutando limpieza de reservas expiradas...
2025-12-04 21:01:51.625 INFO  [c.v.b.a.task.ExpiredHoldsCleanupTask] - Limpieza completada.
2025-12-04 21:02:51.627 INFO  [c.v.b.a.task.ExpiredHoldsCleanupTask] - Ejecutando limpieza de reservas expiradas...
2025-12-04 21:02:51.629 INFO  [c.v.b.a.task.ExpiredHoldsCleanupTask] - Limpieza completada.
2025-12-04 21:12:00.400 INFO  [c.v.buses_api.BusesApiApplication] - Starting BusesApiApplication using Java 21.0.9 with PID 2996 (C:\Users\M4c4c0\Documents\GitHub\buses-venegas-S.A\backend\buses-api\build\classes\java\main started by M4c4c0 in C:\Users\M4c4c0\Documents\GitHub\buses-venegas-S.A\backend\buses-api)
2025-12-04 21:12:00.400 DEBUG [c.v.buses_api.BusesApiApplication] - Running with Spring Boot v3.5.6, Spring v6.2.11
2025-12-04 21:12:00.400 INFO  [c.v.buses_api.BusesApiApplication] - No active profile set, falling back to 1 default profile: "default"
2025-12-04 21:12:01.300 INFO  [o.s.d.r.c.RepositoryConfigurationDelegate] - Multiple Spring Data modules found, entering strict repository configuration mode
2025-12-04 21:12:01.304 INFO  [o.s.d.r.c.RepositoryConfigurationDelegate] - Bootstrapping Spring Data JPA repositories in DEFAULT mode.
2025-12-04 21:12:01.442 INFO  [o.s.d.r.c.RepositoryConfigurationDelegate] - Finished Spring Data repository scanning in 123 ms. Found 5 JPA repository interfaces.
2025-12-04 21:12:01.453 INFO  [o.s.d.r.c.RepositoryConfigurationDelegate] - Multiple Spring Data modules found, entering strict repository configuration mode
2025-12-04 21:12:01.454 INFO  [o.s.d.r.c.RepositoryConfigurationDelegate] - Bootstrapping Spring Data Redis repositories in DEFAULT mode.
2025-12-04 21:12:01.469 INFO  [o.s.d.r.c.RepositoryConfigurationExtensionSupport] - Spring Data Redis - Could not safely identify store assignment for repository candidate interface cl.venegas.buses_api.infrastructure.persistence.jpa.repo.BookingJpaRepository; If you want this repository to be a Redis repository, consider annotating your entities with one of these annotations: org.springframework.data.redis.core.RedisHash (preferred), or consider extending one of the following types with your repository: org.springframework.data.keyvalue.repository.KeyValueRepository
2025-12-04 21:12:01.470 INFO  [o.s.d.r.c.RepositoryConfigurationExtensionSupport] - Spring Data Redis - Could not safely identify store assignment for repository candidate interface cl.venegas.buses_api.infrastructure.persistence.jpa.repo.PaymentJpaRepository; If you want this repository to be a Redis repository, consider annotating your entities with one of these annotations: org.springframework.data.redis.core.RedisHash (preferred), or consider extending one of the following types with your repository: org.springframework.data.keyvalue.repository.KeyValueRepository
2025-12-04 21:12:01.470 INFO  [o.s.d.r.c.RepositoryConfigurationExtensionSupport] - Spring Data Redis - Could not safely identify store assignment for repository candidate interface cl.venegas.buses_api.infrastructure.persistence.jpa.repo.SeatHoldJpaRepository; If you want this repository to be a Redis repository, consider annotating your entities with one of these annotations: org.springframework.data.redis.core.RedisHash (preferred), or consider extending one of the following types with your repository: org.springframework.data.keyvalue.repository.KeyValueRepository
2025-12-04 21:12:01.470 INFO  [o.s.d.r.c.RepositoryConfigurationExtensionSupport] - Spring Data Redis - Could not safely identify store assignment for repository candidate interface cl.venegas.buses_api.infrastructure.persistence.jpa.repo.TripJpaRepository; If you want this repository to be a Redis repository, consider annotating your entities with one of these annotations: org.springframework.data.redis.core.RedisHash (preferred), or consider extending one of the following types with your repository: org.springframework.data.keyvalue.repository.KeyValueRepository
2025-12-04 21:12:01.470 INFO  [o.s.d.r.c.RepositoryConfigurationExtensionSupport] - Spring Data Redis - Could not safely identify store assignment for repository candidate interface cl.venegas.buses_api.infrastructure.persistence.jpa.repo.UserJpaRepository; If you want this repository to be a Redis repository, consider annotating your entities with one of these annotations: org.springframework.data.redis.core.RedisHash (preferred), or consider extending one of the following types with your repository: org.springframework.data.keyvalue.repository.KeyValueRepository
2025-12-04 21:12:01.471 INFO  [o.s.d.r.c.RepositoryConfigurationDelegate] - Finished Spring Data repository scanning in 10 ms. Found 0 Redis repository interfaces.
2025-12-04 21:12:01.928 INFO  [o.s.b.w.e.tomcat.TomcatWebServer] - Tomcat initialized with port 8080 (http)
2025-12-04 21:12:01.944 INFO  [o.a.coyote.http11.Http11NioProtocol] - Initializing ProtocolHandler ["http-nio-8080"]
2025-12-04 21:12:01.950 INFO  [o.a.catalina.core.StandardService] - Starting service [Tomcat]
2025-12-04 21:12:01.950 INFO  [o.a.catalina.core.StandardEngine] - Starting Servlet engine: [Apache Tomcat/10.1.46]
2025-12-04 21:12:02.014 INFO  [o.a.c.c.C.[Tomcat].[localhost].[/]] - Initializing Spring embedded WebApplicationContext
2025-12-04 21:12:02.014 INFO  [o.s.b.w.s.c.ServletWebServerApplicationContext] - Root WebApplicationContext: initialization completed in 1580 ms
2025-12-04 21:12:02.304 INFO  [com.zaxxer.hikari.HikariDataSource] - HikariPool-1 - Starting...
2025-12-04 21:12:02.550 INFO  [com.zaxxer.hikari.pool.HikariPool] - HikariPool-1 - Added connection org.postgresql.jdbc.PgConnection@74e4be21
2025-12-04 21:12:02.552 INFO  [com.zaxxer.hikari.HikariDataSource] - HikariPool-1 - Start completed.
2025-12-04 21:12:02.586 INFO  [org.flywaydb.core.FlywayExecutor] - Database: jdbc:postgresql://localhost:5433/buses (PostgreSQL 17.7)
2025-12-04 21:12:02.660 WARN  [o.s.b.w.s.c.AnnotationConfigServletWebServerApplicationContext] - Exception encountered during context initialization - cancelling refresh attempt: org.springframework.beans.factory.BeanCreationException: Error creating bean with name 'entityManagerFactory' defined in class path resource [org/springframework/boot/autoconfigure/orm/jpa/HibernateJpaConfiguration.class]: Failed to initialize dependency 'flywayInitializer' of LoadTimeWeaverAware bean 'entityManagerFactory': Error creating bean with name 'flywayInitializer' defined in class path resource [org/springframework/boot/autoconfigure/flyway/FlywayAutoConfiguration$FlywayConfiguration.class]: Validate failed: Migrations have failed validation
Migration checksum mismatch for migration version 6
-> Applied to database : 1244336065
-> Resolved locally    : -144792179
Either revert the changes to the migration, or run repair to update the schema history.
Need more flexibility with validation rules? Learn more: https://rd.gt/3AbJUZE
2025-12-04 21:12:02.660 INFO  [com.zaxxer.hikari.HikariDataSource] - HikariPool-1 - Shutdown initiated...
2025-12-04 21:12:02.730 INFO  [com.zaxxer.hikari.HikariDataSource] - HikariPool-1 - Shutdown completed.
2025-12-04 21:12:02.733 INFO  [o.a.catalina.core.StandardService] - Stopping service [Tomcat]
2025-12-04 21:12:02.745 INFO  [o.s.b.a.l.ConditionEvaluationReportLogger] - 

Error starting ApplicationContext. To display the condition evaluation report re-run your application with 'debug' enabled.
2025-12-04 21:12:02.760 ERROR [o.s.boot.SpringApplication] - Application run failed
org.springframework.beans.factory.BeanCreationException: Error creating bean with name 'entityManagerFactory' defined in class path resource [org/springframework/boot/autoconfigure/orm/jpa/HibernateJpaConfiguration.class]: Failed to initialize dependency 'flywayInitializer' of LoadTimeWeaverAware bean 'entityManagerFactory': Error creating bean with name 'flywayInitializer' defined in class path resource [org/springframework/boot/autoconfigure/flyway/FlywayAutoConfiguration$FlywayConfiguration.class]: Validate failed: Migrations have failed validation
Migration checksum mismatch for migration version 6
-> Applied to database : 1244336065
-> Resolved locally    : -144792179
Either revert the changes to the migration, or run repair to update the schema history.
Need more flexibility with validation rules? Learn more: https://rd.gt/3AbJUZE
	at org.springframework.beans.factory.support.AbstractBeanFactory.doGetBean(AbstractBeanFactory.java:328)
	at org.springframework.beans.factory.support.AbstractBeanFactory.getBean(AbstractBeanFactory.java:207)
	at org.springframework.context.support.AbstractApplicationContext.finishBeanFactoryInitialization(AbstractApplicationContext.java:970)
	at org.springframework.context.support.AbstractApplicationContext.refresh(AbstractApplicationContext.java:627)
	at org.springframework.boot.web.servlet.context.ServletWebServerApplicationContext.refresh(ServletWebServerApplicationContext.java:146)
	at org.springframework.boot.SpringApplication.refresh(SpringApplication.java:752)
	at org.springframework.boot.SpringApplication.refreshContext(SpringApplication.java:439)
	at org.springframework.boot.SpringApplication.run(SpringApplication.java:318)
	at org.springframework.boot.SpringApplication.run(SpringApplication.java:1361)
	at org.springframework.boot.SpringApplication.run(SpringApplication.java:1350)
	at cl.venegas.buses_api.BusesApiApplication.main(BusesApiApplication.java:12)
Caused by: org.springframework.beans.factory.BeanCreationException: Error creating bean with name 'flywayInitializer' defined in class path resource [org/springframework/boot/autoconfigure/flyway/FlywayAutoConfiguration$FlywayConfiguration.class]: Validate failed: Migrations have failed validation
Migration checksum mismatch for migration version 6
-> Applied to database : 1244336065
-> Resolved locally    : -144792179
Either revert the changes to the migration, or run repair to update the schema history.
Need more flexibility with validation rules? Learn more: https://rd.gt/3AbJUZE
	at org.springframework.beans.factory.support.AbstractAutowireCapableBeanFactory.initializeBean(AbstractAutowireCapableBeanFactory.java:1826)
	at org.springframework.beans.factory.support.AbstractAutowireCapableBeanFactory.doCreateBean(AbstractAutowireCapableBeanFactory.java:607)
	at org.springframework.beans.factory.support.AbstractAutowireCapableBeanFactory.createBean(AbstractAutowireCapableBeanFactory.java:529)
	at org.springframework.beans.factory.support.AbstractBeanFactory.lambda$doGetBean$0(AbstractBeanFactory.java:339)
	at org.springframework.beans.factory.support.DefaultSingletonBeanRegistry.getSingleton(DefaultSingletonBeanRegistry.java:373)
	at org.springframework.beans.factory.support.AbstractBeanFactory.doGetBean(AbstractBeanFactory.java:337)
	at org.springframework.beans.factory.support.AbstractBeanFactory.getBean(AbstractBeanFactory.java:202)
	at org.springframework.beans.factory.support.AbstractBeanFactory.doGetBean(AbstractBeanFactory.java:315)
	... 10 common frames omitted
Caused by: org.flywaydb.core.api.exception.FlywayValidateException: Validate failed: Migrations have failed validation
Migration checksum mismatch for migration version 6
-> Applied to database : 1244336065
-> Resolved locally    : -144792179
Either revert the changes to the migration, or run repair to update the schema history.
Need more flexibility with validation rules? Learn more: https://rd.gt/3AbJUZE
	at org.flywaydb.core.Flyway.lambda$migrate$1(Flyway.java:201)
	at org.flywaydb.core.FlywayExecutor.execute(FlywayExecutor.java:210)
	at org.flywaydb.core.Flyway.migrate(Flyway.java:188)
	at org.springframework.boot.autoconfigure.flyway.FlywayMigrationInitializer.afterPropertiesSet(FlywayMigrationInitializer.java:66)
	at org.springframework.beans.factory.support.AbstractAutowireCapableBeanFactory.invokeInitMethods(AbstractAutowireCapableBeanFactory.java:1873)
	at org.springframework.beans.factory.support.AbstractAutowireCapableBeanFactory.initializeBean(AbstractAutowireCapableBeanFactory.java:1822)
	... 17 common frames omitted
2025-12-04 21:13:09.153 INFO  [c.v.buses_api.BusesApiApplication] - Starting BusesApiApplication using Java 21.0.9 with PID 8724 (C:\Users\M4c4c0\Documents\GitHub\buses-venegas-S.A\backend\buses-api\build\classes\java\main started by M4c4c0 in C:\Users\M4c4c0\Documents\GitHub\buses-venegas-S.A\backend\buses-api)
2025-12-04 21:13:09.155 DEBUG [c.v.buses_api.BusesApiApplication] - Running with Spring Boot v3.5.6, Spring v6.2.11
2025-12-04 21:13:09.155 INFO  [c.v.buses_api.BusesApiApplication] - No active profile set, falling back to 1 default profile: "default"
2025-12-04 21:13:10.044 INFO  [o.s.d.r.c.RepositoryConfigurationDelegate] - Multiple Spring Data modules found, entering strict repository configuration mode
2025-12-04 21:13:10.044 INFO  [o.s.d.r.c.RepositoryConfigurationDelegate] - Bootstrapping Spring Data JPA repositories in DEFAULT mode.
2025-12-04 21:13:10.167 INFO  [o.s.d.r.c.RepositoryConfigurationDelegate] - Finished Spring Data repository scanning in 123 ms. Found 5 JPA repository interfaces.
2025-12-04 21:13:10.183 INFO  [o.s.d.r.c.RepositoryConfigurationDelegate] - Multiple Spring Data modules found, entering strict repository configuration mode
2025-12-04 21:13:10.183 INFO  [o.s.d.r.c.RepositoryConfigurationDelegate] - Bootstrapping Spring Data Redis repositories in DEFAULT mode.
2025-12-04 21:13:10.201 INFO  [o.s.d.r.c.RepositoryConfigurationExtensionSupport] - Spring Data Redis - Could not safely identify store assignment for repository candidate interface cl.venegas.buses_api.infrastructure.persistence.jpa.repo.BookingJpaRepository; If you want this repository to be a Redis repository, consider annotating your entities with one of these annotations: org.springframework.data.redis.core.RedisHash (preferred), or consider extending one of the following types with your repository: org.springframework.data.keyvalue.repository.KeyValueRepository
2025-12-04 21:13:10.201 INFO  [o.s.d.r.c.RepositoryConfigurationExtensionSupport] - Spring Data Redis - Could not safely identify store assignment for repository candidate interface cl.venegas.buses_api.infrastructure.persistence.jpa.repo.PaymentJpaRepository; If you want this repository to be a Redis repository, consider annotating your entities with one of these annotations: org.springframework.data.redis.core.RedisHash (preferred), or consider extending one of the following types with your repository: org.springframework.data.keyvalue.repository.KeyValueRepository
2025-12-04 21:13:10.202 INFO  [o.s.d.r.c.RepositoryConfigurationExtensionSupport] - Spring Data Redis - Could not safely identify store assignment for repository candidate interface cl.venegas.buses_api.infrastructure.persistence.jpa.repo.SeatHoldJpaRepository; If you want this repository to be a Redis repository, consider annotating your entities with one of these annotations: org.springframework.data.redis.core.RedisHash (preferred), or consider extending one of the following types with your repository: org.springframework.data.keyvalue.repository.KeyValueRepository
2025-12-04 21:13:10.202 INFO  [o.s.d.r.c.RepositoryConfigurationExtensionSupport] - Spring Data Redis - Could not safely identify store assignment for repository candidate interface cl.venegas.buses_api.infrastructure.persistence.jpa.repo.TripJpaRepository; If you want this repository to be a Redis repository, consider annotating your entities with one of these annotations: org.springframework.data.redis.core.RedisHash (preferred), or consider extending one of the following types with your repository: org.springframework.data.keyvalue.repository.KeyValueRepository
2025-12-04 21:13:10.202 INFO  [o.s.d.r.c.RepositoryConfigurationExtensionSupport] - Spring Data Redis - Could not safely identify store assignment for repository candidate interface cl.venegas.buses_api.infrastructure.persistence.jpa.repo.UserJpaRepository; If you want this repository to be a Redis repository, consider annotating your entities with one of these annotations: org.springframework.data.redis.core.RedisHash (preferred), or consider extending one of the following types with your repository: org.springframework.data.keyvalue.repository.KeyValueRepository
2025-12-04 21:13:10.203 INFO  [o.s.d.r.c.RepositoryConfigurationDelegate] - Finished Spring Data repository scanning in 9 ms. Found 0 Redis repository interfaces.
2025-12-04 21:13:10.704 INFO  [o.s.b.w.e.tomcat.TomcatWebServer] - Tomcat initialized with port 8080 (http)
2025-12-04 21:13:10.714 INFO  [o.a.coyote.http11.Http11NioProtocol] - Initializing ProtocolHandler ["http-nio-8080"]
2025-12-04 21:13:10.716 INFO  [o.a.catalina.core.StandardService] - Starting service [Tomcat]
2025-12-04 21:13:10.716 INFO  [o.a.catalina.core.StandardEngine] - Starting Servlet engine: [Apache Tomcat/10.1.46]
2025-12-04 21:13:10.780 INFO  [o.a.c.c.C.[Tomcat].[localhost].[/]] - Initializing Spring embedded WebApplicationContext
2025-12-04 21:13:10.780 INFO  [o.s.b.w.s.c.ServletWebServerApplicationContext] - Root WebApplicationContext: initialization completed in 1593 ms
2025-12-04 21:13:11.060 INFO  [com.zaxxer.hikari.HikariDataSource] - HikariPool-1 - Starting...
2025-12-04 21:13:11.292 INFO  [com.zaxxer.hikari.pool.HikariPool] - HikariPool-1 - Added connection org.postgresql.jdbc.PgConnection@65503a26
2025-12-04 21:13:11.294 INFO  [com.zaxxer.hikari.HikariDataSource] - HikariPool-1 - Start completed.
2025-12-04 21:13:11.319 INFO  [org.flywaydb.core.FlywayExecutor] - Database: jdbc:postgresql://localhost:5433/buses (PostgreSQL 17.7)
2025-12-04 21:13:11.364 WARN  [o.s.b.w.s.c.AnnotationConfigServletWebServerApplicationContext] - Exception encountered during context initialization - cancelling refresh attempt: org.springframework.beans.factory.BeanCreationException: Error creating bean with name 'entityManagerFactory' defined in class path resource [org/springframework/boot/autoconfigure/orm/jpa/HibernateJpaConfiguration.class]: Failed to initialize dependency 'flywayInitializer' of LoadTimeWeaverAware bean 'entityManagerFactory': Error creating bean with name 'flywayInitializer' defined in class path resource [org/springframework/boot/autoconfigure/flyway/FlywayAutoConfiguration$FlywayConfiguration.class]: Validate failed: Migrations have failed validation
Migration checksum mismatch for migration version 6
-> Applied to database : 1244336065
-> Resolved locally    : -144792179
Either revert the changes to the migration, or run repair to update the schema history.
Need more flexibility with validation rules? Learn more: https://rd.gt/3AbJUZE
2025-12-04 21:13:11.365 INFO  [com.zaxxer.hikari.HikariDataSource] - HikariPool-1 - Shutdown initiated...
2025-12-04 21:13:11.367 INFO  [com.zaxxer.hikari.HikariDataSource] - HikariPool-1 - Shutdown completed.
2025-12-04 21:13:11.370 INFO  [o.a.catalina.core.StandardService] - Stopping service [Tomcat]
2025-12-04 21:13:11.373 INFO  [o.s.b.a.l.ConditionEvaluationReportLogger] - 

Error starting ApplicationContext. To display the condition evaluation report re-run your application with 'debug' enabled.
2025-12-04 21:13:11.396 ERROR [o.s.boot.SpringApplication] - Application run failed
org.springframework.beans.factory.BeanCreationException: Error creating bean with name 'entityManagerFactory' defined in class path resource [org/springframework/boot/autoconfigure/orm/jpa/HibernateJpaConfiguration.class]: Failed to initialize dependency 'flywayInitializer' of LoadTimeWeaverAware bean 'entityManagerFactory': Error creating bean with name 'flywayInitializer' defined in class path resource [org/springframework/boot/autoconfigure/flyway/FlywayAutoConfiguration$FlywayConfiguration.class]: Validate failed: Migrations have failed validation
Migration checksum mismatch for migration version 6
-> Applied to database : 1244336065
-> Resolved locally    : -144792179
Either revert the changes to the migration, or run repair to update the schema history.
Need more flexibility with validation rules? Learn more: https://rd.gt/3AbJUZE
	at org.springframework.beans.factory.support.AbstractBeanFactory.doGetBean(AbstractBeanFactory.java:328)
	at org.springframework.beans.factory.support.AbstractBeanFactory.getBean(AbstractBeanFactory.java:207)
	at org.springframework.context.support.AbstractApplicationContext.finishBeanFactoryInitialization(AbstractApplicationContext.java:970)
	at org.springframework.context.support.AbstractApplicationContext.refresh(AbstractApplicationContext.java:627)
	at org.springframework.boot.web.servlet.context.ServletWebServerApplicationContext.refresh(ServletWebServerApplicationContext.java:146)
	at org.springframework.boot.SpringApplication.refresh(SpringApplication.java:752)
	at org.springframework.boot.SpringApplication.refreshContext(SpringApplication.java:439)
	at org.springframework.boot.SpringApplication.run(SpringApplication.java:318)
	at org.springframework.boot.SpringApplication.run(SpringApplication.java:1361)
	at org.springframework.boot.SpringApplication.run(SpringApplication.java:1350)
	at cl.venegas.buses_api.BusesApiApplication.main(BusesApiApplication.java:12)
Caused by: org.springframework.beans.factory.BeanCreationException: Error creating bean with name 'flywayInitializer' defined in class path resource [org/springframework/boot/autoconfigure/flyway/FlywayAutoConfiguration$FlywayConfiguration.class]: Validate failed: Migrations have failed validation
Migration checksum mismatch for migration version 6
-> Applied to database : 1244336065
-> Resolved locally    : -144792179
Either revert the changes to the migration, or run repair to update the schema history.
Need more flexibility with validation rules? Learn more: https://rd.gt/3AbJUZE
	at org.springframework.beans.factory.support.AbstractAutowireCapableBeanFactory.initializeBean(AbstractAutowireCapableBeanFactory.java:1826)
	at org.springframework.beans.factory.support.AbstractAutowireCapableBeanFactory.doCreateBean(AbstractAutowireCapableBeanFactory.java:607)
	at org.springframework.beans.factory.support.AbstractAutowireCapableBeanFactory.createBean(AbstractAutowireCapableBeanFactory.java:529)
	at org.springframework.beans.factory.support.AbstractBeanFactory.lambda$doGetBean$0(AbstractBeanFactory.java:339)
	at org.springframework.beans.factory.support.DefaultSingletonBeanRegistry.getSingleton(DefaultSingletonBeanRegistry.java:373)
	at org.springframework.beans.factory.support.AbstractBeanFactory.doGetBean(AbstractBeanFactory.java:337)
	at org.springframework.beans.factory.support.AbstractBeanFactory.getBean(AbstractBeanFactory.java:202)
	at org.springframework.beans.factory.support.AbstractBeanFactory.doGetBean(AbstractBeanFactory.java:315)
	... 10 common frames omitted
Caused by: org.flywaydb.core.api.exception.FlywayValidateException: Validate failed: Migrations have failed validation
Migration checksum mismatch for migration version 6
-> Applied to database : 1244336065
-> Resolved locally    : -144792179
Either revert the changes to the migration, or run repair to update the schema history.
Need more flexibility with validation rules? Learn more: https://rd.gt/3AbJUZE
	at org.flywaydb.core.Flyway.lambda$migrate$1(Flyway.java:201)
	at org.flywaydb.core.FlywayExecutor.execute(FlywayExecutor.java:210)
	at org.flywaydb.core.Flyway.migrate(Flyway.java:188)
	at org.springframework.boot.autoconfigure.flyway.FlywayMigrationInitializer.afterPropertiesSet(FlywayMigrationInitializer.java:66)
	at org.springframework.beans.factory.support.AbstractAutowireCapableBeanFactory.invokeInitMethods(AbstractAutowireCapableBeanFactory.java:1873)
	at org.springframework.beans.factory.support.AbstractAutowireCapableBeanFactory.initializeBean(AbstractAutowireCapableBeanFactory.java:1822)
	... 17 common frames omitted
2025-12-04 21:13:30.105 INFO  [c.v.buses_api.BusesApiApplication] - Starting BusesApiApplication using Java 21.0.9 with PID 12332 (C:\Users\M4c4c0\Documents\GitHub\buses-venegas-S.A\backend\buses-api\build\classes\java\main started by M4c4c0 in C:\Users\M4c4c0\Documents\GitHub\buses-venegas-S.A\backend\buses-api)
2025-12-04 21:13:30.105 DEBUG [c.v.buses_api.BusesApiApplication] - Running with Spring Boot v3.5.6, Spring v6.2.11
2025-12-04 21:13:30.105 INFO  [c.v.buses_api.BusesApiApplication] - No active profile set, falling back to 1 default profile: "default"
2025-12-04 21:13:31.017 INFO  [o.s.d.r.c.RepositoryConfigurationDelegate] - Multiple Spring Data modules found, entering strict repository configuration mode
2025-12-04 21:13:31.017 INFO  [o.s.d.r.c.RepositoryConfigurationDelegate] - Bootstrapping Spring Data JPA repositories in DEFAULT mode.
2025-12-04 21:13:31.155 INFO  [o.s.d.r.c.RepositoryConfigurationDelegate] - Finished Spring Data repository scanning in 126 ms. Found 5 JPA repository interfaces.
2025-12-04 21:13:31.167 INFO  [o.s.d.r.c.RepositoryConfigurationDelegate] - Multiple Spring Data modules found, entering strict repository configuration mode
2025-12-04 21:13:31.173 INFO  [o.s.d.r.c.RepositoryConfigurationDelegate] - Bootstrapping Spring Data Redis repositories in DEFAULT mode.
2025-12-04 21:13:31.188 INFO  [o.s.d.r.c.RepositoryConfigurationExtensionSupport] - Spring Data Redis - Could not safely identify store assignment for repository candidate interface cl.venegas.buses_api.infrastructure.persistence.jpa.repo.BookingJpaRepository; If you want this repository to be a Redis repository, consider annotating your entities with one of these annotations: org.springframework.data.redis.core.RedisHash (preferred), or consider extending one of the following types with your repository: org.springframework.data.keyvalue.repository.KeyValueRepository
2025-12-04 21:13:31.188 INFO  [o.s.d.r.c.RepositoryConfigurationExtensionSupport] - Spring Data Redis - Could not safely identify store assignment for repository candidate interface cl.venegas.buses_api.infrastructure.persistence.jpa.repo.PaymentJpaRepository; If you want this repository to be a Redis repository, consider annotating your entities with one of these annotations: org.springframework.data.redis.core.RedisHash (preferred), or consider extending one of the following types with your repository: org.springframework.data.keyvalue.repository.KeyValueRepository
2025-12-04 21:13:31.188 INFO  [o.s.d.r.c.RepositoryConfigurationExtensionSupport] - Spring Data Redis - Could not safely identify store assignment for repository candidate interface cl.venegas.buses_api.infrastructure.persistence.jpa.repo.SeatHoldJpaRepository; If you want this repository to be a Redis repository, consider annotating your entities with one of these annotations: org.springframework.data.redis.core.RedisHash (preferred), or consider extending one of the following types with your repository: org.springframework.data.keyvalue.repository.KeyValueRepository
2025-12-04 21:13:31.188 INFO  [o.s.d.r.c.RepositoryConfigurationExtensionSupport] - Spring Data Redis - Could not safely identify store assignment for repository candidate interface cl.venegas.buses_api.infrastructure.persistence.jpa.repo.TripJpaRepository; If you want this repository to be a Redis repository, consider annotating your entities with one of these annotations: org.springframework.data.redis.core.RedisHash (preferred), or consider extending one of the following types with your repository: org.springframework.data.keyvalue.repository.KeyValueRepository
2025-12-04 21:13:31.188 INFO  [o.s.d.r.c.RepositoryConfigurationExtensionSupport] - Spring Data Redis - Could not safely identify store assignment for repository candidate interface cl.venegas.buses_api.infrastructure.persistence.jpa.repo.UserJpaRepository; If you want this repository to be a Redis repository, consider annotating your entities with one of these annotations: org.springframework.data.redis.core.RedisHash (preferred), or consider extending one of the following types with your repository: org.springframework.data.keyvalue.repository.KeyValueRepository
2025-12-04 21:13:31.188 INFO  [o.s.d.r.c.RepositoryConfigurationDelegate] - Finished Spring Data repository scanning in 9 ms. Found 0 Redis repository interfaces.
2025-12-04 21:13:31.638 INFO  [o.s.b.w.e.tomcat.TomcatWebServer] - Tomcat initialized with port 8080 (http)
2025-12-04 21:13:31.649 INFO  [o.a.coyote.http11.Http11NioProtocol] - Initializing ProtocolHandler ["http-nio-8080"]
2025-12-04 21:13:31.651 INFO  [o.a.catalina.core.StandardService] - Starting service [Tomcat]
2025-12-04 21:13:31.651 INFO  [o.a.catalina.core.StandardEngine] - Starting Servlet engine: [Apache Tomcat/10.1.46]
2025-12-04 21:13:31.702 INFO  [o.a.c.c.C.[Tomcat].[localhost].[/]] - Initializing Spring embedded WebApplicationContext
2025-12-04 21:13:31.702 INFO  [o.s.b.w.s.c.ServletWebServerApplicationContext] - Root WebApplicationContext: initialization completed in 1561 ms
2025-12-04 21:13:31.984 INFO  [com.zaxxer.hikari.HikariDataSource] - HikariPool-1 - Starting...
2025-12-04 21:13:32.115 INFO  [com.zaxxer.hikari.pool.HikariPool] - HikariPool-1 - Added connection org.postgresql.jdbc.PgConnection@628bd77e
2025-12-04 21:13:32.116 INFO  [com.zaxxer.hikari.HikariDataSource] - HikariPool-1 - Start completed.
2025-12-04 21:13:32.138 INFO  [org.flywaydb.core.FlywayExecutor] - Database: jdbc:postgresql://localhost:5433/buses (PostgreSQL 17.7)
2025-12-04 21:13:32.182 INFO  [o.f.core.internal.command.DbValidate] - Successfully validated 7 migrations (execution time 00:00.027s)
2025-12-04 21:13:32.237 INFO  [o.f.core.internal.command.DbMigrate] - Current version of schema "public": 6
2025-12-04 21:13:32.249 INFO  [o.f.core.internal.command.DbMigrate] - Migrating schema "public" to version "7 - add varied trips"
2025-12-04 21:13:32.271 INFO  [o.f.core.internal.command.DbMigrate] - Successfully applied 1 migration to schema "public", now at version v7 (execution time 00:00.015s)
2025-12-04 21:13:32.688 INFO  [o.s.o.j.p.SpringPersistenceUnitInfo] - No LoadTimeWeaver setup: ignoring JPA class transformer
2025-12-04 21:13:32.735 WARN  [org.hibernate.orm.deprecation] - HHH90000025: PostgreSQLDialect does not need to be specified explicitly using 'hibernate.dialect' (remove the property setting and it will be selected by default)
2025-12-04 21:13:33.546 INFO  [o.s.o.j.LocalContainerEntityManagerFactoryBean] - Initialized JPA EntityManagerFactory for persistence unit 'default'
2025-12-04 21:13:33.945 WARN  [o.s.b.a.o.j.JpaBaseConfiguration$JpaWebConfiguration] - spring.jpa.open-in-view is enabled by default. Therefore, database queries may be performed during view rendering. Explicitly configure spring.jpa.open-in-view to disable this warning
2025-12-04 21:13:33.967 WARN  [o.s.b.a.s.s.UserDetailsServiceAutoConfiguration] - 

Using generated security password: 380a0176-46b2-41d9-8d20-bfbc11a0a0ee

This generated password is for development use only. Your security configuration must be updated before running your application in production.

2025-12-04 21:13:33.967 INFO  [o.s.s.c.a.a.c.InitializeUserDetailsBeanManagerConfigurer$InitializeUserDetailsManagerConfigurer] - Global AuthenticationManager configured with UserDetailsService bean with name inMemoryUserDetailsManager
2025-12-04 21:13:34.698 INFO  [o.s.b.a.e.web.EndpointLinksResolver] - Exposing 2 endpoints beneath base path '/actuator'
2025-12-04 21:13:34.755 INFO  [o.a.coyote.http11.Http11NioProtocol] - Starting ProtocolHandler ["http-nio-8080"]
2025-12-04 21:13:34.788 INFO  [o.s.b.w.e.tomcat.TomcatWebServer] - Tomcat started on port 8080 (http) with context path '/'
2025-12-04 21:13:34.807 INFO  [c.v.buses_api.BusesApiApplication] - Started BusesApiApplication in 5.157 seconds (process running for 5.456)
2025-12-04 21:13:34.821 INFO  [c.v.b.a.task.ExpiredHoldsCleanupTask] - Ejecutando limpieza de reservas expiradas...
2025-12-04 21:13:34.928 INFO  [c.v.b.a.task.ExpiredHoldsCleanupTask] - Limpieza completada.
2025-12-04 21:14:34.809 INFO  [c.v.b.a.task.ExpiredHoldsCleanupTask] - Ejecutando limpieza de reservas expiradas...
2025-12-04 21:14:34.810 INFO  [c.v.b.a.task.ExpiredHoldsCleanupTask] - Limpieza completada.
2025-12-04 21:15:12.501 INFO  [o.a.c.c.C.[Tomcat].[localhost].[/]] - Initializing Spring DispatcherServlet 'dispatcherServlet'
2025-12-04 21:15:12.501 INFO  [o.s.web.servlet.DispatcherServlet] - Initializing Servlet 'dispatcherServlet'
2025-12-04 21:15:12.503 INFO  [o.s.web.servlet.DispatcherServlet] - Completed initialization in 1 ms
2025-12-04 21:15:34.805 INFO  [c.v.b.a.task.ExpiredHoldsCleanupTask] - Ejecutando limpieza de reservas expiradas...
2025-12-04 21:15:34.808 INFO  [c.v.b.a.task.ExpiredHoldsCleanupTask] - Limpieza completada.
2025-12-04 21:16:34.806 INFO  [c.v.b.a.task.ExpiredHoldsCleanupTask] - Ejecutando limpieza de reservas expiradas...
2025-12-04 21:16:34.809 INFO  [c.v.b.a.task.ExpiredHoldsCleanupTask] - Limpieza completada.
2025-12-04 21:17:34.804 INFO  [c.v.b.a.task.ExpiredHoldsCleanupTask] - Ejecutando limpieza de reservas expiradas...
2025-12-04 21:17:34.807 INFO  [c.v.b.a.task.ExpiredHoldsCleanupTask] - Limpieza completada.
2025-12-04 21:18:34.803 INFO  [c.v.b.a.task.ExpiredHoldsCleanupTask] - Ejecutando limpieza de reservas expiradas...
2025-12-04 21:18:34.805 INFO  [c.v.b.a.task.ExpiredHoldsCleanupTask] - Limpieza completada.
2025-12-04 21:19:20.661 INFO  [c.v.b.i.w.controller.TripsController] - Recibido GET /api/v1/trips/search: origin=Santiago, destination=Concepcion, date=2025-12-05
2025-12-04 21:19:20.662 WARN  [c.v.b.i.w.controller.TripsController] - No se encontraron viajes: origin=Santiago, destination=Concepcion, date=2025-12-05
2025-12-04 21:19:30.629 INFO  [c.v.b.i.w.controller.TripsController] - Recibido GET /api/v1/trips/search: origin=Santiago, destination=Concepcion, date=2025-12-05
2025-12-04 21:19:30.629 WARN  [c.v.b.i.w.controller.TripsController] - No se encontraron viajes: origin=Santiago, destination=Concepcion, date=2025-12-05
2025-12-04 21:19:33.308 INFO  [c.v.b.i.w.controller.TripsController] - Recibido GET /api/v1/trips/search: origin=Santiago, destination=Concepcion, date=2025-12-05
2025-12-04 21:19:33.308 WARN  [c.v.b.i.w.controller.TripsController] - No se encontraron viajes: origin=Santiago, destination=Concepcion, date=2025-12-05
2025-12-04 21:19:34.803 INFO  [c.v.b.a.task.ExpiredHoldsCleanupTask] - Ejecutando limpieza de reservas expiradas...
2025-12-04 21:19:34.805 INFO  [c.v.b.a.task.ExpiredHoldsCleanupTask] - Limpieza completada.
2025-12-04 21:19:35.079 INFO  [c.v.b.i.w.controller.TripsController] - Recibido GET /api/v1/trips/search: origin=Santiago, destination=Concepcion, date=2025-12-05
2025-12-04 21:19:35.080 WARN  [c.v.b.i.w.controller.TripsController] - No se encontraron viajes: origin=Santiago, destination=Concepcion, date=2025-12-05
2025-12-04 21:20:27.690 INFO  [c.v.b.i.w.controller.TripsController] - Recibido GET /api/v1/trips/search: origin=Santiago, destination=Concepcion, date=2025-12-05
2025-12-04 21:20:27.691 WARN  [c.v.b.i.w.controller.TripsController] - No se encontraron viajes: origin=Santiago, destination=Concepcion, date=2025-12-05
2025-12-04 21:20:28.978 INFO  [c.v.b.i.w.controller.TripsController] - Recibido GET /api/v1/trips/search: origin=Santiago, destination=Concepcion, date=2025-12-05
2025-12-04 21:20:28.979 WARN  [c.v.b.i.w.controller.TripsController] - No se encontraron viajes: origin=Santiago, destination=Concepcion, date=2025-12-05
2025-12-04 21:20:34.806 INFO  [c.v.b.a.task.ExpiredHoldsCleanupTask] - Ejecutando limpieza de reservas expiradas...
2025-12-04 21:20:34.808 INFO  [c.v.b.a.task.ExpiredHoldsCleanupTask] - Limpieza completada.
2025-12-04 21:21:34.806 INFO  [c.v.b.a.task.ExpiredHoldsCleanupTask] - Ejecutando limpieza de reservas expiradas...
2025-12-04 21:21:34.808 INFO  [c.v.b.a.task.ExpiredHoldsCleanupTask] - Limpieza completada.
2025-12-04 21:22:34.808 INFO  [c.v.b.a.task.ExpiredHoldsCleanupTask] - Ejecutando limpieza de reservas expiradas...
2025-12-04 21:22:34.810 INFO  [c.v.b.a.task.ExpiredHoldsCleanupTask] - Limpieza completada.
2025-12-04 21:23:34.802 INFO  [c.v.b.a.task.ExpiredHoldsCleanupTask] - Ejecutando limpieza de reservas expiradas...
2025-12-04 21:23:34.805 INFO  [c.v.b.a.task.ExpiredHoldsCleanupTask] - Limpieza completada.
2025-12-04 21:24:34.805 INFO  [c.v.b.a.task.ExpiredHoldsCleanupTask] - Ejecutando limpieza de reservas expiradas...
2025-12-04 21:24:34.805 INFO  [c.v.b.a.task.ExpiredHoldsCleanupTask] - Limpieza completada.
2025-12-04 21:25:34.805 INFO  [c.v.b.a.task.ExpiredHoldsCleanupTask] - Ejecutando limpieza de reservas expiradas...
2025-12-04 21:25:34.805 INFO  [c.v.b.a.task.ExpiredHoldsCleanupTask] - Limpieza completada.
2025-12-04 21:26:34.805 INFO  [c.v.b.a.task.ExpiredHoldsCleanupTask] - Ejecutando limpieza de reservas expiradas...
2025-12-04 21:26:34.808 INFO  [c.v.b.a.task.ExpiredHoldsCleanupTask] - Limpieza completada.
2025-12-04 21:27:34.806 INFO  [c.v.b.a.task.ExpiredHoldsCleanupTask] - Ejecutando limpieza de reservas expiradas...
2025-12-04 21:27:34.808 INFO  [c.v.b.a.task.ExpiredHoldsCleanupTask] - Limpieza completada.
2025-12-04 21:28:34.807 INFO  [c.v.b.a.task.ExpiredHoldsCleanupTask] - Ejecutando limpieza de reservas expiradas...
2025-12-04 21:28:34.809 INFO  [c.v.b.a.task.ExpiredHoldsCleanupTask] - Limpieza completada.
